#
# There is insufficient memory for the Java Runtime Environment to continue.
# Native memory allocation (malloc) failed to allocate 1617104 bytes. Error detail: Chunk::new
# Possible reasons:
#   The system is out of physical RAM or swap space
#   This process is running with CompressedOops enabled, and the Java Heap may be blocking the growth of the native heap
# Possible solutions:
#   Reduce memory load on the system
#   Increase physical memory or swap space
#   Check if swap backing store is full
#   Decrease Java heap size (-Xmx/-Xms)
#   Decrease number of Java threads
#   Decrease Java thread stack sizes (-Xss)
#   Set larger code cache with -XX:ReservedCodeCacheSize=
#   JVM is running with Unscaled Compressed Oops mode in which the Java heap is
#     placed in the first 4GB address space. The Java Heap base address is the
#     maximum limit for the native heap growth. Please use -XX:HeapBaseMinAddress
#     to set the Java Heap base and to place the Java Heap above 4GB virtual address.
# This output file may be truncated or incomplete.
#
#  Out of Memory Error (arena.cpp:168), pid=63260, tid=2576
#
# JRE version: OpenJDK Runtime Environment Temurin-21.0.8+9 (21.0.8+9) (build 21.0.8+9-LTS)
# Java VM: OpenJDK 64-Bit Server VM Temurin-21.0.8+9 (21.0.8+9-LTS, mixed mode, sharing, tiered, compressed oops, compressed class ptrs, parallel gc, windows-amd64)
# No core dump will be written. Minidumps are not enabled by default on client versions of Windows
#

---------------  S U M M A R Y ------------

Command Line: --add-modules=ALL-SYSTEM --add-opens=java.base/java.util=ALL-UNNAMED --add-opens=java.base/java.lang=ALL-UNNAMED --add-opens=java.base/sun.nio.fs=ALL-UNNAMED -Declipse.application=org.eclipse.jdt.ls.core.id1 -Dosgi.bundles.defaultStartLevel=4 -Declipse.product=org.eclipse.jdt.ls.core.product -Djava.import.generatesMetadataFilesAtProjectRoot=false -DDetectVMInstallationsJob.disabled=true -Dfile.encoding=utf8 -XX:+UseParallelGC -XX:GCTimeRatio=4 -XX:AdaptiveSizePolicyWeight=90 -Dsun.zip.disableMemoryMapping=true -Xmx2G -Xms100m -Xlog:disable -javaagent:c:\Users\Dell\.vscode\extensions\redhat.java-1.45.0-win32-x64\lombok\lombok-1.18.39-4050.jar -XX:+HeapDumpOnOutOfMemoryError -XX:HeapDumpPath=c:\Users\Dell\AppData\Roaming\Code\User\workspaceStorage\d26f4c9c46fa91ba28536c756c9c2e13\redhat.java -Daether.dependencyCollector.impl=bf c:\Users\Dell\.vscode\extensions\redhat.java-1.45.0-win32-x64\server\plugins\org.eclipse.equinox.launcher_1.7.0.v20250519-0528.jar -configuration c:\Users\Dell\AppData\Roaming\Code\User\globalStorage\redhat.java\1.45.0\config_win -data c:\Users\Dell\AppData\Roaming\Code\User\workspaceStorage\d26f4c9c46fa91ba28536c756c9c2e13\redhat.java\jdt_ws --pipe=\\.\pipe\lsp-a07a447ee70f1d7a8df6e4acac2f63c4-sock

Host: 13th Gen Intel(R) Core(TM) i7-1355U, 12 cores, 15G,  Windows 11 , 64 bit Build 26100 (10.0.26100.4484)
Time: Sun Sep 14 00:29:21 2025 India Standard Time elapsed time: 13.487187 seconds (0d 0h 0m 13s)

---------------  T H R E A D  ---------------

Current thread (0x000001a5958908d0):  JavaThread "C2 CompilerThread0" daemon [_thread_in_native, id=2576, stack(0x000000539e800000,0x000000539e900000) (1024K)]


Current CompileTask:
C2:13487 9256   !   4       org.eclipse.jdt.internal.core.search.indexing.BinaryIndexer::indexDocument (1168 bytes)

Stack: [0x000000539e800000,0x000000539e900000]
Native frames: (J=compiled Java code, j=interpreted, Vv=VM code, C=native code)
V  [jvm.dll+0x6d2449]
V  [jvm.dll+0x8ae341]
V  [jvm.dll+0x8b08be]
V  [jvm.dll+0x8b0fa3]
V  [jvm.dll+0x280c96]
V  [jvm.dll+0xc581d]
V  [jvm.dll+0xc5d53]
V  [jvm.dll+0x3b919c]
V  [jvm.dll+0x1e1409]
V  [jvm.dll+0x249022]
V  [jvm.dll+0x2484af]
V  [jvm.dll+0x1c89ee]
V  [jvm.dll+0x257d4d]
V  [jvm.dll+0x2562ea]
V  [jvm.dll+0x3f2d16]
V  [jvm.dll+0x857e6b]
V  [jvm.dll+0x6d0b0d]
C  [ucrtbase.dll+0x37b0]
C  [KERNEL32.DLL+0x2e8d7]
C  [ntdll.dll+0x3c34c]


---------------  P R O C E S S  ---------------

Threads class SMR info:
_java_thread_list=0x000001a59e2a5870, length=93, elements={
0x000001a53b6bb870, 0x000001a5958744b0, 0x000001a595875610, 0x000001a595875e70,
0x000001a59587a1a0, 0x000001a5958788f0, 0x000001a595884510, 0x000001a5958908d0,
0x000001a595891410, 0x000001a59597ee90, 0x000001a595af0250, 0x000001a59a9ba1f0,
0x000001a59a4af030, 0x000001a59a4b0bb0, 0x000001a59a4afaa0, 0x000001a59a7be080,
0x000001a59a7beaf0, 0x000001a59a497240, 0x000001a59a9071c0, 0x000001a59a918bc0,
0x000001a59a917ea0, 0x000001a59a91ac90, 0x000001a59a918530, 0x000001a59a91a600,
0x000001a59a917810, 0x000001a59a919250, 0x000001a59a919f70, 0x000001a59a9198e0,
0x000001a59a8c1bd0, 0x000001a59a8c5050, 0x000001a59aee9db0, 0x000001a59a8c2260,
0x000001a59a8c3610, 0x000001a59a8c56e0, 0x000001a59a8c5d70, 0x000001a59b0442b0,
0x000001a59a8c3ca0, 0x000001a59a8c28f0, 0x000001a59a8c6400, 0x000001a59a8c6a90,
0x000001a59a8c7120, 0x000001a59a8c77b0, 0x000001a59a8c4330, 0x000001a59a8c7e40,
0x000001a59a8c49c0, 0x000001a59a8c84d0, 0x000001a59a8c8b60, 0x000001a59a8c91f0,
0x000001a59c4fa020, 0x000001a59c4f8c70, 0x000001a59c4fad40, 0x000001a59c4f85e0,
0x000001a59c4fc0f0, 0x000001a59c4fb3d0, 0x000001a59c4f9990, 0x000001a59c4fa6b0,
0x000001a59c4fba60, 0x000001a59c4fc780, 0x000001a59c4f9300, 0x000001a59c4fd4a0,
0x000001a59c4fce10, 0x000001a59c4feee0, 0x000001a59c4fe1c0, 0x000001a59c4ff570,
0x000001a59c4fdb30, 0x000001a59c4fe850, 0x000001a59be91250, 0x000001a59be8f810,
0x000001a59be8e460, 0x000001a59be90530, 0x000001a59be8eaf0, 0x000001a59be8fea0,
0x000001a59be8ddd0, 0x000001a59be90bc0, 0x000001a59be918e0, 0x000001a59be91f70,
0x000001a59be92600, 0x000001a59be8f180, 0x000001a59be92c90, 0x000001a59be93320,
0x000001a59be939b0, 0x000001a59be946d0, 0x000001a59be953f0, 0x000001a59b50c7f0,
0x000001a59b50ce80, 0x000001a59b50d510, 0x000001a59b50e230, 0x000001a59b50bad0,
0x000001a59b50e8c0, 0x000001a59b50f5e0, 0x000001a59b50dba0, 0x000001a59b50c160,
0x000001a59b5130f0
}

Java Threads: ( => current thread )
  0x000001a53b6bb870 JavaThread "main"                              [_thread_blocked, id=40704, stack(0x000000539de00000,0x000000539df00000) (1024K)]
  0x000001a5958744b0 JavaThread "Reference Handler"          daemon [_thread_blocked, id=15892, stack(0x000000539e200000,0x000000539e300000) (1024K)]
  0x000001a595875610 JavaThread "Finalizer"                  daemon [_thread_blocked, id=27924, stack(0x000000539e300000,0x000000539e400000) (1024K)]
  0x000001a595875e70 JavaThread "Signal Dispatcher"          daemon [_thread_blocked, id=64304, stack(0x000000539e400000,0x000000539e500000) (1024K)]
  0x000001a59587a1a0 JavaThread "Attach Listener"            daemon [_thread_blocked, id=41484, stack(0x000000539e500000,0x000000539e600000) (1024K)]
  0x000001a5958788f0 JavaThread "Service Thread"             daemon [_thread_blocked, id=27416, stack(0x000000539e600000,0x000000539e700000) (1024K)]
  0x000001a595884510 JavaThread "Monitor Deflation Thread"   daemon [_thread_blocked, id=28940, stack(0x000000539e700000,0x000000539e800000) (1024K)]
=>0x000001a5958908d0 JavaThread "C2 CompilerThread0"         daemon [_thread_in_native, id=2576, stack(0x000000539e800000,0x000000539e900000) (1024K)]
  0x000001a595891410 JavaThread "C1 CompilerThread0"         daemon [_thread_blocked, id=61264, stack(0x000000539e900000,0x000000539ea00000) (1024K)]
  0x000001a59597ee90 JavaThread "Common-Cleaner"             daemon [_thread_blocked, id=20496, stack(0x000000539ea00000,0x000000539eb00000) (1024K)]
  0x000001a595af0250 JavaThread "Notification Thread"        daemon [_thread_blocked, id=17304, stack(0x000000539eb00000,0x000000539ec00000) (1024K)]
  0x000001a59a9ba1f0 JavaThread "Equinox resolver thread - Equinox Container: 3b5175ea-99ae-46d0-a0d6-a28c9c9e9082" daemon [_thread_blocked, id=30380, stack(0x000000539f300000,0x000000539f400000) (1024K)]
  0x000001a59a4af030 JavaThread "Equinox resolver thread - Equinox Container: 3b5175ea-99ae-46d0-a0d6-a28c9c9e9082" daemon [_thread_blocked, id=52784, stack(0x000000539f400000,0x000000539f500000) (1024K)]
  0x000001a59a4b0bb0 JavaThread "Equinox resolver thread - Equinox Container: 3b5175ea-99ae-46d0-a0d6-a28c9c9e9082" daemon [_thread_blocked, id=34456, stack(0x000000539f500000,0x000000539f600000) (1024K)]
  0x000001a59a4afaa0 JavaThread "Equinox resolver thread - Equinox Container: 3b5175ea-99ae-46d0-a0d6-a28c9c9e9082" daemon [_thread_blocked, id=13780, stack(0x000000539f600000,0x000000539f700000) (1024K)]
  0x000001a59a7be080 JavaThread "Equinox resolver thread - Equinox Container: 3b5175ea-99ae-46d0-a0d6-a28c9c9e9082" daemon [_thread_blocked, id=51488, stack(0x000000539f700000,0x000000539f800000) (1024K)]
  0x000001a59a7beaf0 JavaThread "Equinox resolver thread - Equinox Container: 3b5175ea-99ae-46d0-a0d6-a28c9c9e9082" daemon [_thread_blocked, id=8480, stack(0x000000539f800000,0x000000539f900000) (1024K)]
  0x000001a59a497240 JavaThread "Active Thread: Equinox Container: 3b5175ea-99ae-46d0-a0d6-a28c9c9e9082"        [_thread_blocked, id=46392, stack(0x000000539f900000,0x000000539fa00000) (1024K)]
  0x000001a59a9071c0 JavaThread "Framework Event Dispatcher: Equinox Container: 3b5175ea-99ae-46d0-a0d6-a28c9c9e9082" daemon [_thread_blocked, id=46380, stack(0x000000539fa00000,0x000000539fb00000) (1024K)]
  0x000001a59a918bc0 JavaThread "Start Level: Equinox Container: 3b5175ea-99ae-46d0-a0d6-a28c9c9e9082" daemon [_thread_blocked, id=51492, stack(0x000000539fb00000,0x000000539fc00000) (1024K)]
  0x000001a59a917ea0 JavaThread "Refresh Thread: Equinox Container: 3b5175ea-99ae-46d0-a0d6-a28c9c9e9082" daemon [_thread_blocked, id=38272, stack(0x000000539fd00000,0x000000539fe00000) (1024K)]
  0x000001a59a91ac90 JavaThread "Equinox resolver thread - Equinox Container: 3b5175ea-99ae-46d0-a0d6-a28c9c9e9082" daemon [_thread_blocked, id=43408, stack(0x000000539fe00000,0x000000539ff00000) (1024K)]
  0x000001a59a918530 JavaThread "Equinox resolver thread - Equinox Container: 3b5175ea-99ae-46d0-a0d6-a28c9c9e9082" daemon [_thread_blocked, id=33260, stack(0x000000539ff00000,0x00000053a0000000) (1024K)]
  0x000001a59a91a600 JavaThread "Equinox resolver thread - Equinox Container: 3b5175ea-99ae-46d0-a0d6-a28c9c9e9082" daemon [_thread_blocked, id=61456, stack(0x00000053a0000000,0x00000053a0100000) (1024K)]
  0x000001a59a917810 JavaThread "Equinox resolver thread - Equinox Container: 3b5175ea-99ae-46d0-a0d6-a28c9c9e9082" daemon [_thread_blocked, id=24072, stack(0x00000053a0100000,0x00000053a0200000) (1024K)]
  0x000001a59a919250 JavaThread "Equinox resolver thread - Equinox Container: 3b5175ea-99ae-46d0-a0d6-a28c9c9e9082" daemon [_thread_blocked, id=4400, stack(0x00000053a0200000,0x00000053a0300000) (1024K)]
  0x000001a59a919f70 JavaThread "Equinox resolver thread - Equinox Container: 3b5175ea-99ae-46d0-a0d6-a28c9c9e9082" daemon [_thread_blocked, id=43696, stack(0x00000053a0300000,0x00000053a0400000) (1024K)]
  0x000001a59a9198e0 JavaThread "Bundle File Closer"         daemon [_thread_blocked, id=51872, stack(0x00000053a0700000,0x00000053a0800000) (1024K)]
  0x000001a59a8c1bd0 JavaThread "SCR Component Actor"        daemon [_thread_blocked, id=60568, stack(0x000000539ec00000,0x000000539ed00000) (1024K)]
  0x000001a59a8c5050 JavaThread "Worker-JM"                         [_thread_blocked, id=9928, stack(0x00000053a0900000,0x00000053a0a00000) (1024K)]
  0x000001a59aee9db0 JavaThread "C2 CompilerThread1"         daemon [_thread_blocked, id=27356, stack(0x00000053a0800000,0x00000053a0900000) (1024K)]
  0x000001a59a8c2260 JavaThread "JNA Cleaner"                daemon [_thread_blocked, id=19976, stack(0x00000053a0a00000,0x00000053a0b00000) (1024K)]
  0x000001a59a8c3610 JavaThread "Worker-0"                          [_thread_blocked, id=30096, stack(0x00000053a0b00000,0x00000053a0c00000) (1024K)]
  0x000001a59a8c56e0 JavaThread "Worker-1"                          [_thread_blocked, id=48332, stack(0x00000053a0c00000,0x00000053a0d00000) (1024K)]
  0x000001a59a8c5d70 JavaThread "Worker-2"                          [_thread_blocked, id=49736, stack(0x00000053a0d00000,0x00000053a0e00000) (1024K)]
  0x000001a59b0442b0 JavaThread "C2 CompilerThread2"         daemon [_thread_blocked, id=50856, stack(0x00000053a0e00000,0x00000053a0f00000) (1024K)]
  0x000001a59a8c3ca0 JavaThread "Worker-3"                          [_thread_blocked, id=24920, stack(0x00000053a0f00000,0x00000053a1000000) (1024K)]
  0x000001a59a8c28f0 JavaThread "Java indexing"              daemon [_thread_blocked, id=34280, stack(0x00000053a1000000,0x00000053a1100000) (1024K)]
  0x000001a59a8c6400 JavaThread "Worker-4"                          [_thread_blocked, id=57648, stack(0x00000053a1100000,0x00000053a1200000) (1024K)]
  0x000001a59a8c6a90 JavaThread "Worker-5: Java indexing... "        [_thread_blocked, id=18108, stack(0x00000053a1400000,0x00000053a1500000) (1024K)]
  0x000001a59a8c7120 JavaThread "Worker-6: Building"                [_thread_blocked, id=61460, stack(0x00000053a1500000,0x00000053a1600000) (1024K)]
  0x000001a59a8c77b0 JavaThread "Thread-2"                   daemon [_thread_in_native, id=50332, stack(0x00000053a1600000,0x00000053a1700000) (1024K)]
  0x000001a59a8c4330 JavaThread "Thread-3"                   daemon [_thread_in_native, id=19740, stack(0x00000053a1700000,0x00000053a1800000) (1024K)]
  0x000001a59a8c7e40 JavaThread "Thread-4"                   daemon [_thread_in_native, id=6404, stack(0x00000053a1800000,0x00000053a1900000) (1024K)]
  0x000001a59a8c49c0 JavaThread "Thread-5"                   daemon [_thread_in_native, id=44232, stack(0x00000053a1900000,0x00000053a1a00000) (1024K)]
  0x000001a59a8c84d0 JavaThread "Thread-6"                   daemon [_thread_in_native, id=42408, stack(0x00000053a1a00000,0x00000053a1b00000) (1024K)]
  0x000001a59a8c8b60 JavaThread "Thread-7"                   daemon [_thread_in_native, id=54544, stack(0x00000053a1b00000,0x00000053a1c00000) (1024K)]
  0x000001a59a8c91f0 JavaThread "Thread-8"                   daemon [_thread_in_native, id=61076, stack(0x00000053a1c00000,0x00000053a1d00000) (1024K)]
  0x000001a59c4fa020 JavaThread "Thread-9"                   daemon [_thread_in_native, id=51716, stack(0x00000053a1d00000,0x00000053a1e00000) (1024K)]
  0x000001a59c4f8c70 JavaThread "Thread-10"                  daemon [_thread_in_native, id=9028, stack(0x00000053a1e00000,0x00000053a1f00000) (1024K)]
  0x000001a59c4fad40 JavaThread "Thread-11"                  daemon [_thread_in_native, id=7712, stack(0x00000053a1f00000,0x00000053a2000000) (1024K)]
  0x000001a59c4f85e0 JavaThread "Thread-12"                  daemon [_thread_in_native, id=27784, stack(0x00000053a2000000,0x00000053a2100000) (1024K)]
  0x000001a59c4fc0f0 JavaThread "Thread-13"                  daemon [_thread_in_native, id=63716, stack(0x00000053a2100000,0x00000053a2200000) (1024K)]
  0x000001a59c4fb3d0 JavaThread "Thread-14"                  daemon [_thread_in_native, id=48960, stack(0x00000053a2200000,0x00000053a2300000) (1024K)]
  0x000001a59c4f9990 JavaThread "pool-2-thread-1"                   [_thread_blocked, id=64204, stack(0x00000053a2300000,0x00000053a2400000) (1024K)]
  0x000001a59c4fa6b0 JavaThread "WorkspaceEventsHandler"            [_thread_blocked, id=30608, stack(0x00000053a2400000,0x00000053a2500000) (1024K)]
  0x000001a59c4fba60 JavaThread "pool-1-thread-1"                   [_thread_blocked, id=18700, stack(0x00000053a2500000,0x00000053a2600000) (1024K)]
  0x000001a59c4fc780 JavaThread "Worker-7"                          [_thread_blocked, id=46856, stack(0x00000053a2700000,0x00000053a2800000) (1024K)]
  0x000001a59c4f9300 JavaThread "Worker-8"                          [_thread_blocked, id=32224, stack(0x00000053a2800000,0x00000053a2900000) (1024K)]
  0x000001a59c4fd4a0 JavaThread "Keep-Alive-Timer"           daemon [_thread_blocked, id=62840, stack(0x00000053a2900000,0x00000053a2a00000) (1024K)]
  0x000001a59c4fce10 JavaThread "LocalFile Deleter"          daemon [_thread_blocked, id=48872, stack(0x00000053a2a00000,0x00000053a2b00000) (1024K)]
  0x000001a59c4feee0 JavaThread "LocalFile Deleter"          daemon [_thread_blocked, id=49408, stack(0x00000053a2b00000,0x00000053a2c00000) (1024K)]
  0x000001a59c4fe1c0 JavaThread "LocalFile Deleter"          daemon [_thread_blocked, id=19124, stack(0x00000053a2c00000,0x00000053a2d00000) (1024K)]
  0x000001a59c4ff570 JavaThread "LocalFile Deleter"          daemon [_thread_blocked, id=21052, stack(0x00000053a2d00000,0x00000053a2e00000) (1024K)]
  0x000001a59c4fdb30 JavaThread "LocalFile Deleter"          daemon [_thread_blocked, id=33048, stack(0x00000053a2e00000,0x00000053a2f00000) (1024K)]
  0x000001a59c4fe850 JavaThread "LocalFile Deleter"          daemon [_thread_blocked, id=7116, stack(0x00000053a2f00000,0x00000053a3000000) (1024K)]
  0x000001a59be91250 JavaThread "LocalFile Deleter"          daemon [_thread_blocked, id=36044, stack(0x00000053a3000000,0x00000053a3100000) (1024K)]
  0x000001a59be8f810 JavaThread "LocalFile Deleter"          daemon [_thread_blocked, id=53552, stack(0x00000053a3100000,0x00000053a3200000) (1024K)]
  0x000001a59be8e460 JavaThread "LocalFile Deleter"          daemon [_thread_blocked, id=21456, stack(0x00000053a3200000,0x00000053a3300000) (1024K)]
  0x000001a59be90530 JavaThread "LocalFile Deleter"          daemon [_thread_blocked, id=29324, stack(0x00000053a3300000,0x00000053a3400000) (1024K)]
  0x000001a59be8eaf0 JavaThread "LocalFile Deleter"          daemon [_thread_blocked, id=15676, stack(0x00000053a3400000,0x00000053a3500000) (1024K)]
  0x000001a59be8fea0 JavaThread "LocalFile Deleter"          daemon [_thread_blocked, id=57076, stack(0x00000053a3500000,0x00000053a3600000) (1024K)]
  0x000001a59be8ddd0 JavaThread "Compiler Source File Reader" daemon [_thread_blocked, id=6328, stack(0x00000053a3600000,0x00000053a3700000) (1024K)]
  0x000001a59be90bc0 JavaThread "Compiler Source File Reader" daemon [_thread_blocked, id=59444, stack(0x00000053a3700000,0x00000053a3800000) (1024K)]
  0x000001a59be918e0 JavaThread "Compiler Source File Reader" daemon [_thread_blocked, id=59152, stack(0x00000053a3800000,0x00000053a3900000) (1024K)]
  0x000001a59be91f70 JavaThread "Compiler Source File Reader" daemon [_thread_blocked, id=17308, stack(0x00000053a3900000,0x00000053a3a00000) (1024K)]
  0x000001a59be92600 JavaThread "Compiler Source File Reader" daemon [_thread_blocked, id=44024, stack(0x00000053a3a00000,0x00000053a3b00000) (1024K)]
  0x000001a59be8f180 JavaThread "Compiler Source File Reader" daemon [_thread_blocked, id=41288, stack(0x00000053a3b00000,0x00000053a3c00000) (1024K)]
  0x000001a59be92c90 JavaThread "Compiler Source File Reader" daemon [_thread_blocked, id=60336, stack(0x00000053a3c00000,0x00000053a3d00000) (1024K)]
  0x000001a59be93320 JavaThread "Compiler Source File Reader" daemon [_thread_blocked, id=33492, stack(0x00000053a3d00000,0x00000053a3e00000) (1024K)]
  0x000001a59be939b0 JavaThread "Compiler Source File Reader" daemon [_thread_blocked, id=50168, stack(0x00000053a3e00000,0x00000053a3f00000) (1024K)]
  0x000001a59be946d0 JavaThread "Compiler Source File Reader" daemon [_thread_blocked, id=40708, stack(0x00000053a3f00000,0x00000053a4000000) (1024K)]
  0x000001a59be953f0 JavaThread "Compiler Processing Task"   daemon [_thread_blocked, id=47272, stack(0x00000053a0400000,0x00000053a0500000) (1024K)]
  0x000001a59b50c7f0 JavaThread "Compiler Class File Writer" daemon [_thread_blocked, id=7812, stack(0x00000053a4000000,0x00000053a4100000) (1024K)]
  0x000001a59b50ce80 JavaThread "Compiler Class File Writer" daemon [_thread_blocked, id=60904, stack(0x00000053a4100000,0x00000053a4200000) (1024K)]
  0x000001a59b50d510 JavaThread "Compiler Class File Writer" daemon [_thread_blocked, id=44872, stack(0x00000053a4200000,0x00000053a4300000) (1024K)]
  0x000001a59b50e230 JavaThread "Compiler Class File Writer" daemon [_thread_blocked, id=18424, stack(0x00000053a4300000,0x00000053a4400000) (1024K)]
  0x000001a59b50bad0 JavaThread "Compiler Class File Writer" daemon [_thread_blocked, id=21316, stack(0x00000053a4400000,0x00000053a4500000) (1024K)]
  0x000001a59b50e8c0 JavaThread "Compiler Class File Writer" daemon [_thread_blocked, id=23696, stack(0x00000053a4500000,0x00000053a4600000) (1024K)]
  0x000001a59b50f5e0 JavaThread "Compiler Class File Writer" daemon [_thread_blocked, id=58048, stack(0x00000053a4600000,0x00000053a4700000) (1024K)]
  0x000001a59b50dba0 JavaThread "Compiler Class File Writer" daemon [_thread_blocked, id=50508, stack(0x00000053a4700000,0x00000053a4800000) (1024K)]
  0x000001a59b50c160 JavaThread "Compiler Class File Writer" daemon [_thread_blocked, id=48776, stack(0x00000053a4800000,0x00000053a4900000) (1024K)]
  0x000001a59b5130f0 JavaThread "Compiler Class File Writer" daemon [_thread_blocked, id=52024, stack(0x00000053a4900000,0x00000053a4a00000) (1024K)]
Total: 93

Other Threads:
  0x000001a552823460 VMThread "VM Thread"                           [id=15184, stack(0x000000539e100000,0x000000539e200000) (1024K)]
  0x000001a55271ba00 WatcherThread "VM Periodic Task Thread"        [id=3356, stack(0x000000539e000000,0x000000539e100000) (1024K)]
  0x000001a53b6daff0 WorkerThread "GC Thread#0"                     [id=42772, stack(0x000000539df00000,0x000000539e000000) (1024K)]
  0x000001a59a25ecb0 WorkerThread "GC Thread#1"                     [id=56080, stack(0x000000539ed00000,0x000000539ee00000) (1024K)]
  0x000001a59a1c0ab0 WorkerThread "GC Thread#2"                     [id=36152, stack(0x000000539ee00000,0x000000539ef00000) (1024K)]
  0x000001a59a2d5c30 WorkerThread "GC Thread#3"                     [id=2888, stack(0x000000539ef00000,0x000000539f000000) (1024K)]
  0x000001a59a2d5fd0 WorkerThread "GC Thread#4"                     [id=45312, stack(0x000000539f000000,0x000000539f100000) (1024K)]
  0x000001a59a2d6580 WorkerThread "GC Thread#5"                     [id=49580, stack(0x000000539f100000,0x000000539f200000) (1024K)]
  0x000001a59a6e3400 WorkerThread "GC Thread#6"                     [id=19980, stack(0x000000539f200000,0x000000539f300000) (1024K)]
  0x000001a59a907c20 WorkerThread "GC Thread#7"                     [id=32992, stack(0x000000539fc00000,0x000000539fd00000) (1024K)]
  0x000001a59a98d970 WorkerThread "GC Thread#8"                     [id=19248, stack(0x00000053a0500000,0x00000053a0600000) (1024K)]
  0x000001a59a98c750 WorkerThread "GC Thread#9"                     [id=59564, stack(0x00000053a0600000,0x00000053a0700000) (1024K)]
Total: 12

Threads with active compile tasks:
C2 CompilerThread0  13572 9256   !   4       org.eclipse.jdt.internal.core.search.indexing.BinaryIndexer::indexDocument (1168 bytes)
C1 CompilerThread0  13572 9588       2       org.apache.felix.resolver.Candidates::processCandidates (485 bytes)
C2 CompilerThread1  13572 9456 %     4       org.eclipse.osgi.util.ManifestElement::readLine @ 0 (122 bytes)
C2 CompilerThread2  13572 9452   !   4       org.eclipse.jdt.internal.compiler.classfmt.ClassFileReader::<init> (1968 bytes)
Total: 4

VM state: at safepoint (normal execution)

VM Mutex/Monitor currently owned by a thread:  ([mutex/lock_event])
[0x00007ffd28515458] Threads_lock - owner thread: 0x000001a552823460
[0x00007ffd28515558] Heap_lock - owner thread: 0x000001a59a9ba1f0

Heap address: 0x0000000080000000, size: 2048 MB, Compressed Oops mode: 32-bit

CDS archive(s) mapped at: [0x000001a553000000-0x000001a553ba0000-0x000001a553ba0000), size 12189696, SharedBaseAddress: 0x000001a553000000, ArchiveRelocationMode: 1.
Compressed class space mapped at: 0x000001a554000000-0x000001a594000000, reserved size: 1073741824
Narrow klass base: 0x000001a553000000, Narrow klass shift: 0, Narrow klass range: 0x100000000

GC Precious Log:
 CardTable entry size: 512
 CPUs: 12 total, 12 available
 Memory: 16068M
 Large Page Support: Disabled
 NUMA Support: Disabled
 Compressed Oops: Enabled (32-bit)
 Alignments: Space 512K, Generation 512K, Heap 2M
 Heap Min Capacity: 100M
 Heap Initial Capacity: 100M
 Heap Max Capacity: 2G
 Pre-touch: Disabled
 Parallel Workers: 10

Heap:
 PSYoungGen      total 14848K, used 2536K [0x00000000d5580000, 0x00000000d6680000, 0x0000000100000000)
  eden space 12288K, 0% used [0x00000000d5580000,0x00000000d5580000,0x00000000d6180000)
  from space 2560K, 99% used [0x00000000d6400000,0x00000000d667a0a0,0x00000000d6680000)
  to   space 2560K, 0% used [0x00000000d6180000,0x00000000d6180000,0x00000000d6400000)
 ParOldGen       total 92672K, used 92341K [0x0000000080000000, 0x0000000085a80000, 0x00000000d5580000)
  object space 92672K, 99% used [0x0000000080000000,0x0000000085a2d6f8,0x0000000085a80000)
 Metaspace       used 62510K, committed 63872K, reserved 1114112K
  class space    used 6694K, committed 7360K, reserved 1048576K

Card table byte_map: [0x000001a54db80000,0x000001a54df90000] _byte_map_base: 0x000001a54d780000

Marking Bits: (ParMarkBitMap*) 0x00007ffd2851a340
 Begin Bits: [0x000001a54e240000, 0x000001a550240000)
 End Bits:   [0x000001a550240000, 0x000001a552240000)

Polling page: 0x000001a539ea0000

Metaspace:

Usage:
  Non-class:     54.51 MB used.
      Class:      6.54 MB used.
       Both:     61.05 MB used.

Virtual space:
  Non-class space:       64.00 MB reserved,      55.19 MB ( 86%) committed,  1 nodes.
      Class space:        1.00 GB reserved,       7.19 MB ( <1%) committed,  1 nodes.
             Both:        1.06 GB reserved,      62.38 MB (  6%) committed. 

Chunk freelists:
   Non-Class:  8.70 MB
       Class:  8.87 MB
        Both:  17.57 MB

MaxMetaspaceSize: unlimited
CompressedClassSpaceSize: 1.00 GB
Initial GC threshold: 21.00 MB
Current GC threshold: 97.31 MB
CDS: on
 - commit_granule_bytes: 65536.
 - commit_granule_words: 8192.
 - virtual_space_node_default_size: 8388608.
 - enlarge_chunks_in_place: 1.
 - use_allocation_guard: 0.


Internal statistics:

num_allocs_failed_limit: 15.
num_arena_births: 1126.
num_arena_deaths: 14.
num_vsnodes_births: 2.
num_vsnodes_deaths: 0.
num_space_committed: 998.
num_space_uncommitted: 0.
num_chunks_returned_to_freelist: 29.
num_chunks_taken_from_freelist: 3942.
num_chunk_merges: 19.
num_chunk_splits: 2369.
num_chunks_enlarged: 1239.
num_inconsistent_stats: 0.

CodeHeap 'non-profiled nmethods': size=120000Kb used=5147Kb max_used=5147Kb free=114852Kb
 bounds [0x000001a546470000, 0x000001a546980000, 0x000001a54d9a0000]
CodeHeap 'profiled nmethods': size=120000Kb used=18136Kb max_used=18136Kb free=101863Kb
 bounds [0x000001a53e9a0000, 0x000001a53fb60000, 0x000001a545ed0000]
CodeHeap 'non-nmethods': size=5760Kb used=1454Kb max_used=1527Kb free=4305Kb
 bounds [0x000001a545ed0000, 0x000001a546140000, 0x000001a546470000]
CodeCache: size=245760Kb, used=24737Kb, max_used=24810Kb, free=221020Kb
 total_blobs=9440, nmethods=8674, adapters=672, full_count=0
Compilation: enabled, stopped_count=0, restarted_count=0

Compilation events (20 events):
Event: 12.440 Thread 0x000001a595891410 nmethod 9562 0x000001a53fb4df90 code [0x000001a53fb4e160, 0x000001a53fb4e418]
Event: 12.440 Thread 0x000001a595891410 9563       3       java.util.ArrayList$SubList::get (27 bytes)
Event: 12.440 Thread 0x000001a595891410 nmethod 9563 0x000001a53fb4e590 code [0x000001a53fb4e760, 0x000001a53fb4eba8]
Event: 12.440 Thread 0x000001a595891410 9564       2       java.lang.ThreadLocal$ThreadLocalMap::expungeStaleEntry (146 bytes)
Event: 12.440 Thread 0x000001a595891410 nmethod 9564 0x000001a53fb4ee10 code [0x000001a53fb4efc0, 0x000001a53fb4f3c8]
Event: 12.440 Thread 0x000001a595891410 9568   !   2       org.eclipse.osgi.container.ModuleDatabase::findCapabilities (26 bytes)
Event: 12.441 Thread 0x000001a595891410 nmethod 9568 0x000001a53fb4f610 code [0x000001a53fb4f840, 0x000001a53fb4fc00]
Event: 12.441 Thread 0x000001a595891410 9567       2       java.util.ArrayList::removeIf (11 bytes)
Event: 12.441 Thread 0x000001a595891410 nmethod 9567 0x000001a53fb50090 code [0x000001a53fb50240, 0x000001a53fb50370]
Event: 12.441 Thread 0x000001a595891410 9574   !   3       java.util.AbstractList$Itr::next (46 bytes)
Event: 12.441 Thread 0x000001a595891410 nmethod 9574 0x000001a53fb50410 code [0x000001a53fb50620, 0x000001a53fb50c30]
Event: 12.441 Thread 0x000001a595891410 9569       2       org.eclipse.osgi.container.ModuleResolver$ResolveProcess::filterProviders (407 bytes)
Event: 12.443 Thread 0x000001a595891410 nmethod 9569 0x000001a53fb50f10 code [0x000001a53fb513e0, 0x000001a53fb52458]
Event: 12.444 Thread 0x000001a595891410 9580       2       org.apache.felix.resolver.PackageSpaces::mergeUses (494 bytes)
Event: 12.447 Thread 0x000001a595891410 nmethod 9580 0x000001a53fb53010 code [0x000001a53fb53460, 0x000001a53fb54720]
Event: 12.448 Thread 0x000001a595891410 9582       2       java.util.jar.JarVerifier::update (43 bytes)
Event: 12.448 Thread 0x000001a595891410 nmethod 9582 0x000001a53fb55590 code [0x000001a53fb55760, 0x000001a53fb55960]
Event: 12.448 Thread 0x000001a595891410 9584       3       java.lang.String::replace (42 bytes)
Event: 12.449 Thread 0x000001a595891410 nmethod 9584 0x000001a53fb55a90 code [0x000001a53fb55c60, 0x000001a53fb55f70]
Event: 12.449 Thread 0x000001a595891410 9588       2       org.apache.felix.resolver.Candidates::processCandidates (485 bytes)

GC Heap History (20 events):
Event: 11.727 GC heap after
{Heap after GC invocations=43 (full 3):
 PSYoungGen      total 22528K, used 3871K [0x00000000d5580000, 0x00000000d7000000, 0x0000000100000000)
  eden space 18432K, 0% used [0x00000000d5580000,0x00000000d5580000,0x00000000d6780000)
  from space 4096K, 94% used [0x00000000d6c00000,0x00000000d6fc7ed0,0x00000000d7000000)
  to   space 4096K, 0% used [0x00000000d6800000,0x00000000d6800000,0x00000000d6c00000)
 ParOldGen       total 68608K, used 60567K [0x0000000080000000, 0x0000000084300000, 0x00000000d5580000)
  object space 68608K, 88% used [0x0000000080000000,0x0000000083b25cb0,0x0000000084300000)
 Metaspace       used 60101K, committed 61440K, reserved 1114112K
  class space    used 6517K, committed 7168K, reserved 1048576K
}
Event: 11.809 GC heap before
{Heap before GC invocations=44 (full 3):
 PSYoungGen      total 22528K, used 22303K [0x00000000d5580000, 0x00000000d7000000, 0x0000000100000000)
  eden space 18432K, 100% used [0x00000000d5580000,0x00000000d6780000,0x00000000d6780000)
  from space 4096K, 94% used [0x00000000d6c00000,0x00000000d6fc7ed0,0x00000000d7000000)
  to   space 4096K, 0% used [0x00000000d6800000,0x00000000d6800000,0x00000000d6c00000)
 ParOldGen       total 68608K, used 60567K [0x0000000080000000, 0x0000000084300000, 0x00000000d5580000)
  object space 68608K, 88% used [0x0000000080000000,0x0000000083b25cb0,0x0000000084300000)
 Metaspace       used 60320K, committed 61696K, reserved 1114112K
  class space    used 6533K, committed 7168K, reserved 1048576K
}
Event: 11.817 GC heap after
{Heap after GC invocations=44 (full 3):
 PSYoungGen      total 22528K, used 3937K [0x00000000d5580000, 0x00000000d6f80000, 0x0000000100000000)
  eden space 18432K, 0% used [0x00000000d5580000,0x00000000d5580000,0x00000000d6780000)
  from space 4096K, 96% used [0x00000000d6800000,0x00000000d6bd87d8,0x00000000d6c00000)
  to   space 3584K, 0% used [0x00000000d6c00000,0x00000000d6c00000,0x00000000d6f80000)
 ParOldGen       total 68608K, used 64211K [0x0000000080000000, 0x0000000084300000, 0x00000000d5580000)
  object space 68608K, 93% used [0x0000000080000000,0x0000000083eb4c40,0x0000000084300000)
 Metaspace       used 60320K, committed 61696K, reserved 1114112K
  class space    used 6533K, committed 7168K, reserved 1048576K
}
Event: 11.900 GC heap before
{Heap before GC invocations=45 (full 3):
 PSYoungGen      total 22528K, used 22369K [0x00000000d5580000, 0x00000000d6f80000, 0x0000000100000000)
  eden space 18432K, 100% used [0x00000000d5580000,0x00000000d6780000,0x00000000d6780000)
  from space 4096K, 96% used [0x00000000d6800000,0x00000000d6bd87d8,0x00000000d6c00000)
  to   space 3584K, 0% used [0x00000000d6c00000,0x00000000d6c00000,0x00000000d6f80000)
 ParOldGen       total 68608K, used 64211K [0x0000000080000000, 0x0000000084300000, 0x00000000d5580000)
  object space 68608K, 93% used [0x0000000080000000,0x0000000083eb4c40,0x0000000084300000)
 Metaspace       used 60580K, committed 61952K, reserved 1114112K
  class space    used 6554K, committed 7168K, reserved 1048576K
}
Event: 11.904 GC heap after
{Heap after GC invocations=45 (full 3):
 PSYoungGen      total 17920K, used 3559K [0x00000000d5580000, 0x00000000d7880000, 0x0000000100000000)
  eden space 14336K, 0% used [0x00000000d5580000,0x00000000d5580000,0x00000000d6380000)
  from space 3584K, 99% used [0x00000000d6c00000,0x00000000d6f79ca0,0x00000000d6f80000)
  to   space 8704K, 0% used [0x00000000d6380000,0x00000000d6380000,0x00000000d6c00000)
 ParOldGen       total 68608K, used 68415K [0x0000000080000000, 0x0000000084300000, 0x00000000d5580000)
  object space 68608K, 99% used [0x0000000080000000,0x00000000842cfdc8,0x0000000084300000)
 Metaspace       used 60580K, committed 61952K, reserved 1114112K
  class space    used 6554K, committed 7168K, reserved 1048576K
}
Event: 12.009 GC heap before
{Heap before GC invocations=46 (full 3):
 PSYoungGen      total 17920K, used 17895K [0x00000000d5580000, 0x00000000d7880000, 0x0000000100000000)
  eden space 14336K, 100% used [0x00000000d5580000,0x00000000d6380000,0x00000000d6380000)
  from space 3584K, 99% used [0x00000000d6c00000,0x00000000d6f79ca0,0x00000000d6f80000)
  to   space 8704K, 0% used [0x00000000d6380000,0x00000000d6380000,0x00000000d6c00000)
 ParOldGen       total 68608K, used 68415K [0x0000000080000000, 0x0000000084300000, 0x00000000d5580000)
  object space 68608K, 99% used [0x0000000080000000,0x00000000842cfdc8,0x0000000084300000)
 Metaspace       used 60869K, committed 62272K, reserved 1114112K
  class space    used 6570K, committed 7232K, reserved 1048576K
}
Event: 12.013 GC heap after
{Heap after GC invocations=46 (full 3):
 PSYoungGen      total 18432K, used 3878K [0x00000000d5580000, 0x00000000d6e80000, 0x0000000100000000)
  eden space 14336K, 0% used [0x00000000d5580000,0x00000000d5580000,0x00000000d6380000)
  from space 4096K, 94% used [0x00000000d6380000,0x00000000d6749bf8,0x00000000d6780000)
  to   space 5632K, 0% used [0x00000000d6900000,0x00000000d6900000,0x00000000d6e80000)
 ParOldGen       total 72192K, used 71800K [0x0000000080000000, 0x0000000084680000, 0x00000000d5580000)
  object space 72192K, 99% used [0x0000000080000000,0x000000008461e0a0,0x0000000084680000)
 Metaspace       used 60869K, committed 62272K, reserved 1114112K
  class space    used 6570K, committed 7232K, reserved 1048576K
}
Event: 12.076 GC heap before
{Heap before GC invocations=47 (full 3):
 PSYoungGen      total 18432K, used 18214K [0x00000000d5580000, 0x00000000d6e80000, 0x0000000100000000)
  eden space 14336K, 100% used [0x00000000d5580000,0x00000000d6380000,0x00000000d6380000)
  from space 4096K, 94% used [0x00000000d6380000,0x00000000d6749bf8,0x00000000d6780000)
  to   space 5632K, 0% used [0x00000000d6900000,0x00000000d6900000,0x00000000d6e80000)
 ParOldGen       total 72192K, used 71800K [0x0000000080000000, 0x0000000084680000, 0x00000000d5580000)
  object space 72192K, 99% used [0x0000000080000000,0x000000008461e0a0,0x0000000084680000)
 Metaspace       used 61037K, committed 62400K, reserved 1114112K
  class space    used 6581K, committed 7232K, reserved 1048576K
}
Event: 12.079 GC heap after
{Heap after GC invocations=47 (full 3):
 PSYoungGen      total 17920K, used 3212K [0x00000000d5580000, 0x00000000d6c80000, 0x0000000100000000)
  eden space 14336K, 0% used [0x00000000d5580000,0x00000000d5580000,0x00000000d6380000)
  from space 3584K, 89% used [0x00000000d6900000,0x00000000d6c23048,0x00000000d6c80000)
  to   space 4096K, 0% used [0x00000000d6480000,0x00000000d6480000,0x00000000d6880000)
 ParOldGen       total 75776K, used 75428K [0x0000000080000000, 0x0000000084a00000, 0x00000000d5580000)
  object space 75776K, 99% used [0x0000000080000000,0x00000000849a9160,0x0000000084a00000)
 Metaspace       used 61037K, committed 62400K, reserved 1114112K
  class space    used 6581K, committed 7232K, reserved 1048576K
}
Event: 12.134 GC heap before
{Heap before GC invocations=48 (full 3):
 PSYoungGen      total 17920K, used 17548K [0x00000000d5580000, 0x00000000d6c80000, 0x0000000100000000)
  eden space 14336K, 100% used [0x00000000d5580000,0x00000000d6380000,0x00000000d6380000)
  from space 3584K, 89% used [0x00000000d6900000,0x00000000d6c23048,0x00000000d6c80000)
  to   space 4096K, 0% used [0x00000000d6480000,0x00000000d6480000,0x00000000d6880000)
 ParOldGen       total 75776K, used 75428K [0x0000000080000000, 0x0000000084a00000, 0x00000000d5580000)
  object space 75776K, 99% used [0x0000000080000000,0x00000000849a9160,0x0000000084a00000)
 Metaspace       used 61227K, committed 62592K, reserved 1114112K
  class space    used 6582K, committed 7232K, reserved 1048576K
}
Event: 12.138 GC heap after
{Heap after GC invocations=48 (full 3):
 PSYoungGen      total 18432K, used 3739K [0x00000000d5580000, 0x00000000d6b80000, 0x0000000100000000)
  eden space 14336K, 0% used [0x00000000d5580000,0x00000000d5580000,0x00000000d6380000)
  from space 4096K, 91% used [0x00000000d6480000,0x00000000d6826d60,0x00000000d6880000)
  to   space 3072K, 0% used [0x00000000d6880000,0x00000000d6880000,0x00000000d6b80000)
 ParOldGen       total 78848K, used 78378K [0x0000000080000000, 0x0000000084d00000, 0x00000000d5580000)
  object space 78848K, 99% used [0x0000000080000000,0x0000000084c8aa88,0x0000000084d00000)
 Metaspace       used 61227K, committed 62592K, reserved 1114112K
  class space    used 6582K, committed 7232K, reserved 1048576K
}
Event: 12.211 GC heap before
{Heap before GC invocations=49 (full 3):
 PSYoungGen      total 18432K, used 18075K [0x00000000d5580000, 0x00000000d6b80000, 0x0000000100000000)
  eden space 14336K, 100% used [0x00000000d5580000,0x00000000d6380000,0x00000000d6380000)
  from space 4096K, 91% used [0x00000000d6480000,0x00000000d6826d60,0x00000000d6880000)
  to   space 3072K, 0% used [0x00000000d6880000,0x00000000d6880000,0x00000000d6b80000)
 ParOldGen       total 78848K, used 78378K [0x0000000080000000, 0x0000000084d00000, 0x00000000d5580000)
  object space 78848K, 99% used [0x0000000080000000,0x0000000084c8aa88,0x0000000084d00000)
 Metaspace       used 61511K, committed 62912K, reserved 1114112K
  class space    used 6598K, committed 7232K, reserved 1048576K
}
Event: 12.214 GC heap after
{Heap after GC invocations=49 (full 3):
 PSYoungGen      total 15360K, used 3057K [0x00000000d5580000, 0x00000000d7180000, 0x0000000100000000)
  eden space 12288K, 0% used [0x00000000d5580000,0x00000000d5580000,0x00000000d6180000)
  from space 3072K, 99% used [0x00000000d6880000,0x00000000d6b7c5b8,0x00000000d6b80000)
  to   space 7168K, 0% used [0x00000000d6180000,0x00000000d6180000,0x00000000d6880000)
 ParOldGen       total 81920K, used 81717K [0x0000000080000000, 0x0000000085000000, 0x00000000d5580000)
  object space 81920K, 99% used [0x0000000080000000,0x0000000084fcd6a0,0x0000000085000000)
 Metaspace       used 61511K, committed 62912K, reserved 1114112K
  class space    used 6598K, committed 7232K, reserved 1048576K
}
Event: 12.278 GC heap before
{Heap before GC invocations=50 (full 3):
 PSYoungGen      total 15360K, used 15345K [0x00000000d5580000, 0x00000000d7180000, 0x0000000100000000)
  eden space 12288K, 100% used [0x00000000d5580000,0x00000000d6180000,0x00000000d6180000)
  from space 3072K, 99% used [0x00000000d6880000,0x00000000d6b7c5b8,0x00000000d6b80000)
  to   space 7168K, 0% used [0x00000000d6180000,0x00000000d6180000,0x00000000d6880000)
 ParOldGen       total 81920K, used 81717K [0x0000000080000000, 0x0000000085000000, 0x00000000d5580000)
  object space 81920K, 99% used [0x0000000080000000,0x0000000084fcd6a0,0x0000000085000000)
 Metaspace       used 61552K, committed 62912K, reserved 1114112K
  class space    used 6601K, committed 7232K, reserved 1048576K
}
Event: 12.281 GC heap after
{Heap after GC invocations=50 (full 3):
 PSYoungGen      total 15360K, used 2900K [0x00000000d5580000, 0x00000000d6a80000, 0x0000000100000000)
  eden space 12288K, 0% used [0x00000000d5580000,0x00000000d5580000,0x00000000d6180000)
  from space 3072K, 94% used [0x00000000d6180000,0x00000000d6455240,0x00000000d6480000)
  to   space 4608K, 0% used [0x00000000d6600000,0x00000000d6600000,0x00000000d6a80000)
 ParOldGen       total 84992K, used 84588K [0x0000000080000000, 0x0000000085300000, 0x00000000d5580000)
  object space 84992K, 99% used [0x0000000080000000,0x000000008529b370,0x0000000085300000)
 Metaspace       used 61552K, committed 62912K, reserved 1114112K
  class space    used 6601K, committed 7232K, reserved 1048576K
}
Event: 12.335 GC heap before
{Heap before GC invocations=51 (full 3):
 PSYoungGen      total 15360K, used 15188K [0x00000000d5580000, 0x00000000d6a80000, 0x0000000100000000)
  eden space 12288K, 100% used [0x00000000d5580000,0x00000000d6180000,0x00000000d6180000)
  from space 3072K, 94% used [0x00000000d6180000,0x00000000d6455240,0x00000000d6480000)
  to   space 4608K, 0% used [0x00000000d6600000,0x00000000d6600000,0x00000000d6a80000)
 ParOldGen       total 84992K, used 84588K [0x0000000080000000, 0x0000000085300000, 0x00000000d5580000)
  object space 84992K, 99% used [0x0000000080000000,0x000000008529b370,0x0000000085300000)
 Metaspace       used 61809K, committed 63104K, reserved 1114112K
  class space    used 6624K, committed 7232K, reserved 1048576K
}
Event: 12.338 GC heap after
{Heap after GC invocations=51 (full 3):
 PSYoungGen      total 15360K, used 2562K [0x00000000d5580000, 0x00000000d6900000, 0x0000000100000000)
  eden space 12288K, 0% used [0x00000000d5580000,0x00000000d5580000,0x00000000d6180000)
  from space 3072K, 83% used [0x00000000d6600000,0x00000000d6880b50,0x00000000d6900000)
  to   space 3072K, 0% used [0x00000000d6180000,0x00000000d6180000,0x00000000d6480000)
 ParOldGen       total 87552K, used 87302K [0x0000000080000000, 0x0000000085580000, 0x00000000d5580000)
  object space 87552K, 99% used [0x0000000080000000,0x0000000085541bb8,0x0000000085580000)
 Metaspace       used 61809K, committed 63104K, reserved 1114112K
  class space    used 6624K, committed 7232K, reserved 1048576K
}
Event: 12.398 GC heap before
{Heap before GC invocations=52 (full 3):
 PSYoungGen      total 15360K, used 14850K [0x00000000d5580000, 0x00000000d6900000, 0x0000000100000000)
  eden space 12288K, 100% used [0x00000000d5580000,0x00000000d6180000,0x00000000d6180000)
  from space 3072K, 83% used [0x00000000d6600000,0x00000000d6880b50,0x00000000d6900000)
  to   space 3072K, 0% used [0x00000000d6180000,0x00000000d6180000,0x00000000d6480000)
 ParOldGen       total 87552K, used 87302K [0x0000000080000000, 0x0000000085580000, 0x00000000d5580000)
  object space 87552K, 99% used [0x0000000080000000,0x0000000085541bb8,0x0000000085580000)
 Metaspace       used 62156K, committed 63488K, reserved 1114112K
  class space    used 6654K, committed 7296K, reserved 1048576K
}
Event: 12.402 GC heap after
{Heap after GC invocations=52 (full 3):
 PSYoungGen      total 14848K, used 2414K [0x00000000d5580000, 0x00000000d6680000, 0x0000000100000000)
  eden space 12288K, 0% used [0x00000000d5580000,0x00000000d5580000,0x00000000d6180000)
  from space 2560K, 94% used [0x00000000d6180000,0x00000000d63dba88,0x00000000d6400000)
  to   space 2560K, 0% used [0x00000000d6400000,0x00000000d6400000,0x00000000d6680000)
 ParOldGen       total 89600K, used 89557K [0x0000000080000000, 0x0000000085780000, 0x00000000d5580000)
  object space 89600K, 99% used [0x0000000080000000,0x0000000085775630,0x0000000085780000)
 Metaspace       used 62156K, committed 63488K, reserved 1114112K
  class space    used 6654K, committed 7296K, reserved 1048576K
}
Event: 12.452 GC heap before
{Heap before GC invocations=53 (full 3):
 PSYoungGen      total 14848K, used 14702K [0x00000000d5580000, 0x00000000d6680000, 0x0000000100000000)
  eden space 12288K, 100% used [0x00000000d5580000,0x00000000d6180000,0x00000000d6180000)
  from space 2560K, 94% used [0x00000000d6180000,0x00000000d63dba88,0x00000000d6400000)
  to   space 2560K, 0% used [0x00000000d6400000,0x00000000d6400000,0x00000000d6680000)
 ParOldGen       total 89600K, used 89557K [0x0000000080000000, 0x0000000085780000, 0x00000000d5580000)
  object space 89600K, 99% used [0x0000000080000000,0x0000000085775630,0x0000000085780000)
 Metaspace       used 62510K, committed 63872K, reserved 1114112K
  class space    used 6694K, committed 7360K, reserved 1048576K
}

Dll operation events (12 events):
Event: 0.206 Loaded shared library c:\Users\Dell\.vscode\extensions\redhat.java-1.45.0-win32-x64\jre\21.0.8-win32-x86_64\bin\java.dll
Event: 0.327 Loaded shared library c:\Users\Dell\.vscode\extensions\redhat.java-1.45.0-win32-x64\jre\21.0.8-win32-x86_64\bin\zip.dll
Event: 0.350 Loaded shared library C:\Users\Dell\.vscode\extensions\redhat.java-1.45.0-win32-x64\jre\21.0.8-win32-x86_64\bin\instrument.dll
Event: 0.423 Loaded shared library C:\Users\Dell\.vscode\extensions\redhat.java-1.45.0-win32-x64\jre\21.0.8-win32-x86_64\bin\net.dll
Event: 0.478 Loaded shared library C:\Users\Dell\.vscode\extensions\redhat.java-1.45.0-win32-x64\jre\21.0.8-win32-x86_64\bin\nio.dll
Event: 0.481 Loaded shared library C:\Users\Dell\.vscode\extensions\redhat.java-1.45.0-win32-x64\jre\21.0.8-win32-x86_64\bin\zip.dll
Event: 0.496 Loaded shared library C:\Users\Dell\.vscode\extensions\redhat.java-1.45.0-win32-x64\jre\21.0.8-win32-x86_64\bin\jimage.dll
Event: 0.619 Loaded shared library c:\Users\Dell\.vscode\extensions\redhat.java-1.45.0-win32-x64\jre\21.0.8-win32-x86_64\bin\verify.dll
Event: 2.541 Loaded shared library C:\Users\Dell\AppData\Roaming\Code\User\globalStorage\redhat.java\1.45.0\config_win\org.eclipse.equinox.launcher\org.eclipse.equinox.launcher.win32.win32.x86_64_1.2.1400.v20250801-0854\eclipse_11916.dll
Event: 4.885 Loaded shared library C:\Users\Dell\AppData\Local\Temp\jna-2126305\jna12990398598630707446.dll
Event: 8.062 Loaded shared library C:\Users\Dell\.vscode\extensions\redhat.java-1.45.0-win32-x64\jre\21.0.8-win32-x86_64\bin\sunmscapi.dll
Event: 8.580 Loaded shared library C:\Users\Dell\.vscode\extensions\redhat.java-1.45.0-win32-x64\jre\21.0.8-win32-x86_64\bin\extnet.dll

Deoptimization events (20 events):
Event: 12.434 Thread 0x000001a59a8c7120 Uncommon trap: trap_request=0xffffff45 fr.pc=0x000001a5464a77e8 relative=0x00000000000004a8
Event: 12.434 Thread 0x000001a59a8c7120 Uncommon trap: reason=unstable_if action=reinterpret pc=0x000001a5464a77e8 method=java.lang.String.replace(CC)Ljava/lang/String; @ 2 c2
Event: 12.434 Thread 0x000001a59a8c7120 DEOPT PACKING pc=0x000001a5464a77e8 sp=0x00000053a15fd2e0
Event: 12.434 Thread 0x000001a59a8c7120 DEOPT UNPACKING pc=0x000001a545f23aa2 sp=0x00000053a15fd290 mode 2
Event: 12.440 Thread 0x000001a59a918bc0 Uncommon trap: trap_request=0xffffffbe fr.pc=0x000001a546559b50 relative=0x00000000000007f0
Event: 12.440 Thread 0x000001a59a918bc0 Uncommon trap: reason=profile_predicate action=maybe_recompile pc=0x000001a546559b50 method=org.apache.felix.resolver.util.OpenHashMap.getOrCompute(Ljava/lang/Object;)Ljava/lang/Object; @ 108 c2
Event: 12.440 Thread 0x000001a59a918bc0 DEOPT PACKING pc=0x000001a546559b50 sp=0x000000539fbfe8c0
Event: 12.440 Thread 0x000001a59a918bc0 DEOPT UNPACKING pc=0x000001a545f23aa2 sp=0x000000539fbfe858 mode 2
Event: 12.440 Thread 0x000001a59c4fba60 Uncommon trap: trap_request=0xffffffbe fr.pc=0x000001a546559b50 relative=0x00000000000007f0
Event: 12.440 Thread 0x000001a59c4fba60 Uncommon trap: reason=profile_predicate action=maybe_recompile pc=0x000001a546559b50 method=org.apache.felix.resolver.util.OpenHashMap.getOrCompute(Ljava/lang/Object;)Ljava/lang/Object; @ 108 c2
Event: 12.440 Thread 0x000001a59c4fba60 DEOPT PACKING pc=0x000001a546559b50 sp=0x00000053a25fdc20
Event: 12.440 Thread 0x000001a59c4fba60 DEOPT UNPACKING pc=0x000001a545f23aa2 sp=0x00000053a25fdbb8 mode 2
Event: 12.444 Thread 0x000001a59a918bc0 Uncommon trap: trap_request=0xffffff45 fr.pc=0x000001a546789e00 relative=0x0000000000000660
Event: 12.444 Thread 0x000001a59a918bc0 Uncommon trap: reason=unstable_if action=reinterpret pc=0x000001a546789e00 method=java.util.concurrent.locks.AbstractQueuedSynchronizer.apparentlyFirstQueuedIsExclusive()Z @ 6 c2
Event: 12.444 Thread 0x000001a59a918bc0 DEOPT PACKING pc=0x000001a546789e00 sp=0x000000539fbfe370
Event: 12.444 Thread 0x000001a59a918bc0 DEOPT UNPACKING pc=0x000001a545f23aa2 sp=0x000000539fbfdfd0 mode 2
Event: 12.445 Thread 0x000001a59a918bc0 Uncommon trap: trap_request=0xffffff45 fr.pc=0x000001a546795218 relative=0x0000000000000678
Event: 12.445 Thread 0x000001a59a918bc0 Uncommon trap: reason=unstable_if action=reinterpret pc=0x000001a546795218 method=java.util.concurrent.locks.AbstractQueuedSynchronizer.apparentlyFirstQueuedIsExclusive()Z @ 6 c2
Event: 12.445 Thread 0x000001a59a918bc0 DEOPT PACKING pc=0x000001a546795218 sp=0x000000539fbfe310
Event: 12.445 Thread 0x000001a59a918bc0 DEOPT UNPACKING pc=0x000001a545f23aa2 sp=0x000000539fbfdfd8 mode 2

Classes loaded (20 events):
Event: 11.712 Loading class java/util/concurrent/ConcurrentHashMap$KeySpliterator
Event: 11.712 Loading class java/util/concurrent/ConcurrentHashMap$KeySpliterator done
Event: 11.719 Loading class java/util/stream/ReferencePipeline$4
Event: 11.720 Loading class java/util/stream/ReferencePipeline$4 done
Event: 11.720 Loading class java/util/stream/Nodes$IntFixedNodeBuilder
Event: 11.720 Loading class java/util/stream/Node$Builder$OfInt
Event: 11.720 Loading class java/util/stream/Node$Builder$OfInt done
Event: 11.720 Loading class java/util/stream/Nodes$IntArrayNode
Event: 11.720 Loading class java/util/stream/Nodes$IntArrayNode done
Event: 11.721 Loading class java/util/stream/Nodes$IntFixedNodeBuilder done
Event: 11.721 Loading class java/util/stream/ReferencePipeline$4$1
Event: 11.721 Loading class java/util/stream/ReferencePipeline$4$1 done
Event: 12.282 Loading class java/util/concurrent/CompletableFuture$AltResult
Event: 12.282 Loading class java/util/concurrent/CompletableFuture$AltResult done
Event: 12.282 Loading class java/util/concurrent/CompletableFuture$Completion
Event: 12.282 Loading class java/util/concurrent/CompletableFuture$AsynchronousCompletionTask
Event: 12.282 Loading class java/util/concurrent/CompletableFuture$AsynchronousCompletionTask done
Event: 12.283 Loading class java/util/concurrent/CompletableFuture$Completion done
Event: 12.292 Loading class jdk/internal/math/FormattedFPDecimal
Event: 12.293 Loading class jdk/internal/math/FormattedFPDecimal done

Classes unloaded (7 events):
Event: 5.314 Thread 0x000001a552823460 Unloading class 0x000001a5541b3000 'java/lang/invoke/LambdaForm$MH+0x000001a5541b3000'
Event: 5.314 Thread 0x000001a552823460 Unloading class 0x000001a5541b2c00 'java/lang/invoke/LambdaForm$MH+0x000001a5541b2c00'
Event: 5.314 Thread 0x000001a552823460 Unloading class 0x000001a5541b2800 'java/lang/invoke/LambdaForm$MH+0x000001a5541b2800'
Event: 5.314 Thread 0x000001a552823460 Unloading class 0x000001a5541b2400 'java/lang/invoke/LambdaForm$MH+0x000001a5541b2400'
Event: 5.314 Thread 0x000001a552823460 Unloading class 0x000001a5541b2000 'java/lang/invoke/LambdaForm$BMH+0x000001a5541b2000'
Event: 5.314 Thread 0x000001a552823460 Unloading class 0x000001a5541b1c00 'java/lang/invoke/LambdaForm$DMH+0x000001a5541b1c00'
Event: 5.314 Thread 0x000001a552823460 Unloading class 0x000001a5541b0800 'java/lang/invoke/LambdaForm$DMH+0x000001a5541b0800'

Classes redefined (0 events):
No events

Internal exceptions (20 events):
Event: 11.018 Thread 0x000001a59a8c28f0 Implicit null exception at 0x000001a5467e13da to 0x000001a5467e14d8
Event: 11.098 Thread 0x000001a59a8c5d70 Exception <a 'java/lang/NoSuchMethodError'{0x00000000d574cd68}: 'int java.lang.invoke.DirectMethodHandle$Holder.invokeSpecialIFC(java.lang.Object, java.lang.Object, java.lang.Object)'> (0x00000000d574cd68) 
thrown [s\src\hotspot\share\interpreter\linkResolver.cpp, line 773]
Event: 11.716 Thread 0x000001a59a8c5d70 Exception <a 'java/lang/NoSuchMethodError'{0x00000000d65ee8c0}: 'java.lang.Object java.lang.invoke.DirectMethodHandle$Holder.newInvokeSpecial(java.lang.Object, java.lang.Object, int, int, java.lang.Object)'> (0x00000000d65ee8c0) 
thrown [s\src\hotspot\share\interpreter\linkResolver.cpp, line 773]
Event: 11.871 Thread 0x000001a59be953f0 Exception <a 'java/lang/NoSuchMethodError'{0x00000000d6251af0}: 'java.lang.Object java.lang.invoke.DirectMethodHandle$Holder.invokeStatic(java.lang.Object, java.lang.Object, int, java.lang.Object, java.lang.Object)'> (0x00000000d6251af0) 
thrown [s\src\hotspot\share\interpreter\linkResolver.cpp, line 773]
Event: 12.159 Thread 0x000001a59a8c5d70 Exception <a 'sun/nio/fs/WindowsException'{0x00000000d5b43230}> (0x00000000d5b43230) 
thrown [s\src\hotspot\share\prims\jni.cpp, line 520]
Event: 12.159 Thread 0x000001a59a8c5d70 Exception <a 'sun/nio/fs/WindowsException'{0x00000000d5b43860}> (0x00000000d5b43860) 
thrown [s\src\hotspot\share\prims\jni.cpp, line 520]
Event: 12.167 Thread 0x000001a59a8c5d70 Exception <a 'sun/nio/fs/WindowsException'{0x00000000d5d0d958}> (0x00000000d5d0d958) 
thrown [s\src\hotspot\share\prims\jni.cpp, line 520]
Event: 12.167 Thread 0x000001a59a8c5d70 Exception <a 'sun/nio/fs/WindowsException'{0x00000000d5d0e238}> (0x00000000d5d0e238) 
thrown [s\src\hotspot\share\prims\jni.cpp, line 520]
Event: 12.172 Thread 0x000001a59a8c6400 Exception <a 'sun/nio/fs/WindowsException'{0x00000000d5dd4458}> (0x00000000d5dd4458) 
thrown [s\src\hotspot\share\prims\jni.cpp, line 520]
Event: 12.173 Thread 0x000001a59a8c6400 Exception <a 'sun/nio/fs/WindowsException'{0x00000000d5dd4a88}> (0x00000000d5dd4a88) 
thrown [s\src\hotspot\share\prims\jni.cpp, line 520]
Event: 12.175 Thread 0x000001a59a8c6400 Exception <a 'sun/nio/fs/WindowsException'{0x00000000d5e54238}> (0x00000000d5e54238) 
thrown [s\src\hotspot\share\prims\jni.cpp, line 520]
Event: 12.175 Thread 0x000001a59a8c6400 Exception <a 'sun/nio/fs/WindowsException'{0x00000000d5e54868}> (0x00000000d5e54868) 
thrown [s\src\hotspot\share\prims\jni.cpp, line 520]
Event: 12.194 Thread 0x000001a59c4fba60 Exception <a 'java/io/FileNotFoundException'{0x00000000d6134290}> (0x00000000d6134290) 
thrown [s\src\hotspot\share\prims\jni.cpp, line 520]
Event: 12.289 Thread 0x000001a59a8c7120 Exception <a 'java/lang/NoSuchMethodError'{0x00000000d57a1c68}: 'int java.lang.invoke.DirectMethodHandle$Holder.invokeSpecialIFC(java.lang.Object, java.lang.Object, java.lang.Object, java.lang.Object)'> (0x00000000d57a1c68) 
thrown [s\src\hotspot\share\interpreter\linkResolver.cpp, line 773]
Event: 12.308 Thread 0x000001a59a8c7120 Exception <a 'sun/nio/fs/WindowsException'{0x00000000d5b61b40}> (0x00000000d5b61b40) 
thrown [s\src\hotspot\share\prims\jni.cpp, line 520]
Event: 12.308 Thread 0x000001a59a8c7120 Exception <a 'sun/nio/fs/WindowsException'{0x00000000d5b67c08}> (0x00000000d5b67c08) 
thrown [s\src\hotspot\share\prims\jni.cpp, line 520]
Event: 12.312 Thread 0x000001a59a8c7120 Exception <a 'sun/nio/fs/WindowsException'{0x00000000d5c47210}> (0x00000000d5c47210) 
thrown [s\src\hotspot\share\prims\jni.cpp, line 520]
Event: 12.312 Thread 0x000001a59a8c7120 Exception <a 'sun/nio/fs/WindowsException'{0x00000000d5c4cf98}> (0x00000000d5c4cf98) 
thrown [s\src\hotspot\share\prims\jni.cpp, line 520]
Event: 12.435 Thread 0x000001a59a8c7120 Exception <a 'java/lang/NoSuchMethodError'{0x00000000d5bc5fe8}: 'void java.lang.invoke.DirectMethodHandle$Holder.invokeStatic(java.lang.Object, java.lang.Object, java.lang.Object, int)'> (0x00000000d5bc5fe8) 
thrown [s\src\hotspot\share\interpreter\linkResolver.cpp, line 773]
Event: 12.445 Thread 0x000001a59a8c7120 Exception <a 'java/lang/NoSuchMethodError'{0x00000000d5e44440}: 'void java.lang.invoke.DirectMethodHandle$Holder.invokeVirtual(java.lang.Object, java.lang.Object, int)'> (0x00000000d5e44440) 
thrown [s\src\hotspot\share\interpreter\linkResolver.cpp, line 773]

ZGC Phase Switch (0 events):
No events

VM Operations (20 events):
Event: 12.070 Executing VM operation: HandshakeAllThreads (Deoptimize) done
Event: 12.076 Executing VM operation: ParallelGCFailedAllocation (Allocation Failure)
Event: 12.079 Executing VM operation: ParallelGCFailedAllocation (Allocation Failure) done
Event: 12.097 Executing VM operation: HandshakeAllThreads (Deoptimize)
Event: 12.097 Executing VM operation: HandshakeAllThreads (Deoptimize) done
Event: 12.134 Executing VM operation: ParallelGCFailedAllocation (Allocation Failure)
Event: 12.138 Executing VM operation: ParallelGCFailedAllocation (Allocation Failure) done
Event: 12.184 Executing VM operation: HandshakeAllThreads (Deoptimize)
Event: 12.184 Executing VM operation: HandshakeAllThreads (Deoptimize) done
Event: 12.211 Executing VM operation: ParallelGCFailedAllocation (Allocation Failure)
Event: 12.214 Executing VM operation: ParallelGCFailedAllocation (Allocation Failure) done
Event: 12.277 Executing VM operation: ParallelGCFailedAllocation (Allocation Failure)
Event: 12.281 Executing VM operation: ParallelGCFailedAllocation (Allocation Failure) done
Event: 12.335 Executing VM operation: ParallelGCFailedAllocation (Allocation Failure)
Event: 12.338 Executing VM operation: ParallelGCFailedAllocation (Allocation Failure) done
Event: 12.353 Executing VM operation: HandshakeAllThreads (Deoptimize)
Event: 12.355 Executing VM operation: HandshakeAllThreads (Deoptimize) done
Event: 12.398 Executing VM operation: ParallelGCFailedAllocation (Allocation Failure)
Event: 12.402 Executing VM operation: ParallelGCFailedAllocation (Allocation Failure) done
Event: 12.452 Executing VM operation: ParallelGCFailedAllocation (Allocation Failure)

Memory protections (0 events):
No events

Nmethod flushes (20 events):
Event: 11.422 Thread 0x000001a552823460 flushing  nmethod 0x000001a53f2bc510
Event: 11.422 Thread 0x000001a552823460 flushing  nmethod 0x000001a53f2c9690
Event: 11.422 Thread 0x000001a552823460 flushing osr nmethod 0x000001a53f2d5e10
Event: 11.422 Thread 0x000001a552823460 flushing osr nmethod 0x000001a53f324c10
Event: 11.422 Thread 0x000001a552823460 flushing osr nmethod 0x000001a53f328010
Event: 11.422 Thread 0x000001a552823460 flushing  nmethod 0x000001a53f329d90
Event: 11.422 Thread 0x000001a552823460 flushing  nmethod 0x000001a53f33c090
Event: 11.422 Thread 0x000001a552823460 flushing  nmethod 0x000001a53f33cc90
Event: 11.422 Thread 0x000001a552823460 flushing  nmethod 0x000001a53f33d610
Event: 11.422 Thread 0x000001a552823460 flushing  nmethod 0x000001a53f33db90
Event: 11.422 Thread 0x000001a552823460 flushing  nmethod 0x000001a53f33f910
Event: 11.422 Thread 0x000001a552823460 flushing  nmethod 0x000001a53f365e90
Event: 11.422 Thread 0x000001a552823460 flushing  nmethod 0x000001a53f387510
Event: 11.422 Thread 0x000001a552823460 flushing  nmethod 0x000001a53f38ca10
Event: 11.422 Thread 0x000001a552823460 flushing  nmethod 0x000001a53f3a2d10
Event: 11.422 Thread 0x000001a552823460 flushing  nmethod 0x000001a53f3a8710
Event: 11.422 Thread 0x000001a552823460 flushing  nmethod 0x000001a53f3a8b90
Event: 11.422 Thread 0x000001a552823460 flushing  nmethod 0x000001a53f3a9110
Event: 11.422 Thread 0x000001a552823460 flushing  nmethod 0x000001a53f3ad510
Event: 11.422 Thread 0x000001a552823460 flushing  nmethod 0x000001a53f3baf10

Events (20 events):
Event: 9.701 Thread 0x000001a59a8c5d70 Thread added: 0x000001a59be918e0
Event: 9.701 Thread 0x000001a59a8c5d70 Thread added: 0x000001a59be91f70
Event: 9.701 Thread 0x000001a59a8c5d70 Thread added: 0x000001a59be92600
Event: 9.701 Thread 0x000001a59a8c5d70 Thread added: 0x000001a59be8f180
Event: 9.701 Thread 0x000001a59a8c5d70 Thread added: 0x000001a59be92c90
Event: 9.701 Thread 0x000001a59a8c5d70 Thread added: 0x000001a59be93320
Event: 9.701 Thread 0x000001a59a8c5d70 Thread added: 0x000001a59be939b0
Event: 9.701 Thread 0x000001a59a8c5d70 Thread added: 0x000001a59be946d0
Event: 10.442 Thread 0x000001a59a8c2f80 Thread exited: 0x000001a59a8c2f80
Event: 11.193 Thread 0x000001a59a8c5d70 Thread added: 0x000001a59be953f0
Event: 11.717 Thread 0x000001a59a8c5d70 Thread added: 0x000001a59b50c7f0
Event: 11.722 Thread 0x000001a59a8c5d70 Thread added: 0x000001a59b50ce80
Event: 11.820 Thread 0x000001a59a8c5d70 Thread added: 0x000001a59b50d510
Event: 11.827 Thread 0x000001a59a8c5d70 Thread added: 0x000001a59b50e230
Event: 11.828 Thread 0x000001a59a8c5d70 Thread added: 0x000001a59b50bad0
Event: 11.943 Thread 0x000001a59a8c5d70 Thread added: 0x000001a59b50e8c0
Event: 11.943 Thread 0x000001a59a8c5d70 Thread added: 0x000001a59b50f5e0
Event: 11.970 Thread 0x000001a59a8c5d70 Thread added: 0x000001a59b50dba0
Event: 11.975 Thread 0x000001a59a8c5d70 Thread added: 0x000001a59b50c160
Event: 11.990 Thread 0x000001a59a8c5d70 Thread added: 0x000001a59b5130f0


Dynamic libraries:
0x00007ff7d7c20000 - 0x00007ff7d7c2e000 	c:\Users\Dell\.vscode\extensions\redhat.java-1.45.0-win32-x64\jre\21.0.8-win32-x86_64\bin\java.exe
0x00007ffd9d120000 - 0x00007ffd9d388000 	C:\WINDOWS\SYSTEM32\ntdll.dll
0x00007ffd9c0a0000 - 0x00007ffd9c169000 	C:\WINDOWS\System32\KERNEL32.DLL
0x00007ffd9a330000 - 0x00007ffd9a71d000 	C:\WINDOWS\System32\KERNELBASE.dll
0x00007ffd9a720000 - 0x00007ffd9a86b000 	C:\WINDOWS\System32\ucrtbase.dll
0x00007ffd84cc0000 - 0x00007ffd84cd8000 	c:\Users\Dell\.vscode\extensions\redhat.java-1.45.0-win32-x64\jre\21.0.8-win32-x86_64\bin\jli.dll
0x00007ffd84c10000 - 0x00007ffd84c2e000 	c:\Users\Dell\.vscode\extensions\redhat.java-1.45.0-win32-x64\jre\21.0.8-win32-x86_64\bin\VCRUNTIME140.dll
0x00007ffd9cec0000 - 0x00007ffd9d08c000 	C:\WINDOWS\System32\USER32.dll
0x00007ffd81e10000 - 0x00007ffd820aa000 	C:\WINDOWS\WinSxS\amd64_microsoft.windows.common-controls_6595b64144ccf1df_6.0.26100.4484_none_3e0e6d4ce32ef3b3\COMCTL32.dll
0x00007ffd9ad10000 - 0x00007ffd9ad37000 	C:\WINDOWS\System32\win32u.dll
0x00007ffd9ce10000 - 0x00007ffd9ceb9000 	C:\WINDOWS\System32\msvcrt.dll
0x00007ffd9d0a0000 - 0x00007ffd9d0cb000 	C:\WINDOWS\System32\GDI32.dll
0x00007ffd9a870000 - 0x00007ffd9a9a7000 	C:\WINDOWS\System32\gdi32full.dll
0x00007ffd9aa50000 - 0x00007ffd9aaf3000 	C:\WINDOWS\System32\msvcp_win.dll
0x00007ffd9c500000 - 0x00007ffd9c52f000 	C:\WINDOWS\System32\IMM32.DLL
0x00007ffd90b70000 - 0x00007ffd90b7c000 	c:\Users\Dell\.vscode\extensions\redhat.java-1.45.0-win32-x64\jre\21.0.8-win32-x86_64\bin\vcruntime140_1.dll
0x00007ffd41930000 - 0x00007ffd419bd000 	c:\Users\Dell\.vscode\extensions\redhat.java-1.45.0-win32-x64\jre\21.0.8-win32-x86_64\bin\msvcp140.dll
0x00007ffd27860000 - 0x00007ffd285f7000 	c:\Users\Dell\.vscode\extensions\redhat.java-1.45.0-win32-x64\jre\21.0.8-win32-x86_64\bin\server\jvm.dll
0x00007ffd9cca0000 - 0x00007ffd9cd54000 	C:\WINDOWS\System32\ADVAPI32.dll
0x00007ffd9b0b0000 - 0x00007ffd9b156000 	C:\WINDOWS\System32\sechost.dll
0x00007ffd9c620000 - 0x00007ffd9c738000 	C:\WINDOWS\System32\RPCRT4.dll
0x00007ffd9aec0000 - 0x00007ffd9af34000 	C:\WINDOWS\System32\WS2_32.dll
0x00007ffd9a0e0000 - 0x00007ffd9a13e000 	C:\WINDOWS\SYSTEM32\POWRPROF.dll
0x00007ffd96ab0000 - 0x00007ffd96ae5000 	C:\WINDOWS\SYSTEM32\WINMM.dll
0x00007ffd82370000 - 0x00007ffd8237b000 	C:\WINDOWS\SYSTEM32\VERSION.dll
0x00007ffd9a0c0000 - 0x00007ffd9a0d4000 	C:\WINDOWS\SYSTEM32\UMPDC.dll
0x00007ffd98ff0000 - 0x00007ffd9900b000 	C:\WINDOWS\SYSTEM32\kernel.appcore.dll
0x00007ffd90760000 - 0x00007ffd9076a000 	c:\Users\Dell\.vscode\extensions\redhat.java-1.45.0-win32-x64\jre\21.0.8-win32-x86_64\bin\jimage.dll
0x00007ffd97a60000 - 0x00007ffd97ca1000 	C:\WINDOWS\SYSTEM32\DBGHELP.DLL
0x00007ffd9c170000 - 0x00007ffd9c4f6000 	C:\WINDOWS\System32\combase.dll
0x00007ffd9c740000 - 0x00007ffd9c820000 	C:\WINDOWS\System32\OLEAUT32.dll
0x00007ffd93a60000 - 0x00007ffd93aa3000 	C:\WINDOWS\SYSTEM32\dbgcore.DLL
0x00007ffd9a9b0000 - 0x00007ffd9aa49000 	C:\WINDOWS\System32\bcryptPrimitives.dll
0x00007ffd8a0f0000 - 0x00007ffd8a0ff000 	c:\Users\Dell\.vscode\extensions\redhat.java-1.45.0-win32-x64\jre\21.0.8-win32-x86_64\bin\instrument.dll
0x00007ffd84a20000 - 0x00007ffd84a3f000 	c:\Users\Dell\.vscode\extensions\redhat.java-1.45.0-win32-x64\jre\21.0.8-win32-x86_64\bin\java.dll
0x00007ffd9b8d0000 - 0x00007ffd9c01a000 	C:\WINDOWS\System32\SHELL32.dll
0x00007ffd9ab00000 - 0x00007ffd9ac74000 	C:\WINDOWS\System32\wintypes.dll
0x00007ffd97e70000 - 0x00007ffd986cb000 	C:\WINDOWS\SYSTEM32\windows.storage.dll
0x00007ffd9cb90000 - 0x00007ffd9cc85000 	C:\WINDOWS\System32\SHCORE.dll
0x00007ffd9b1f0000 - 0x00007ffd9b25a000 	C:\WINDOWS\System32\shlwapi.dll
0x00007ffd9a180000 - 0x00007ffd9a1af000 	C:\WINDOWS\SYSTEM32\profapi.dll
0x00007ffd848a0000 - 0x00007ffd848b8000 	c:\Users\Dell\.vscode\extensions\redhat.java-1.45.0-win32-x64\jre\21.0.8-win32-x86_64\bin\zip.dll
0x00007ffd88090000 - 0x00007ffd880a0000 	C:\Users\Dell\.vscode\extensions\redhat.java-1.45.0-win32-x64\jre\21.0.8-win32-x86_64\bin\net.dll
0x00007ffd934a0000 - 0x00007ffd935be000 	C:\WINDOWS\SYSTEM32\WINHTTP.dll
0x00007ffd995a0000 - 0x00007ffd9960a000 	C:\WINDOWS\system32\mswsock.dll
0x00007ffd84770000 - 0x00007ffd84786000 	C:\Users\Dell\.vscode\extensions\redhat.java-1.45.0-win32-x64\jre\21.0.8-win32-x86_64\bin\nio.dll
0x00007ffd86ca0000 - 0x00007ffd86cb0000 	c:\Users\Dell\.vscode\extensions\redhat.java-1.45.0-win32-x64\jre\21.0.8-win32-x86_64\bin\verify.dll
0x00007ffd6fcf0000 - 0x00007ffd6fd34000 	C:\Users\Dell\AppData\Roaming\Code\User\globalStorage\redhat.java\1.45.0\config_win\org.eclipse.equinox.launcher\org.eclipse.equinox.launcher.win32.win32.x86_64_1.2.1400.v20250801-0854\eclipse_11916.dll
0x00007ffd9c880000 - 0x00007ffd9ca1e000 	C:\WINDOWS\System32\ole32.dll
0x00007ffd99850000 - 0x00007ffd9986b000 	C:\WINDOWS\SYSTEM32\CRYPTSP.dll
0x00007ffd98f50000 - 0x00007ffd98f8b000 	C:\WINDOWS\system32\rsaenh.dll
0x00007ffd99640000 - 0x00007ffd9966b000 	C:\WINDOWS\SYSTEM32\USERENV.dll
0x00007ffd9a150000 - 0x00007ffd9a176000 	C:\WINDOWS\SYSTEM32\bcrypt.dll
0x00007ffd99870000 - 0x00007ffd9987c000 	C:\WINDOWS\SYSTEM32\CRYPTBASE.dll
0x00007ffd989f0000 - 0x00007ffd98a23000 	C:\WINDOWS\SYSTEM32\IPHLPAPI.DLL
0x00007ffd9d0d0000 - 0x00007ffd9d0da000 	C:\WINDOWS\System32\NSI.dll
0x00007ffd671f0000 - 0x00007ffd67239000 	C:\Users\Dell\AppData\Local\Temp\jna-2126305\jna12990398598630707446.dll
0x00007ffd9cc90000 - 0x00007ffd9cc98000 	C:\WINDOWS\System32\PSAPI.DLL
0x00007ffd94050000 - 0x00007ffd9406f000 	C:\WINDOWS\SYSTEM32\dhcpcsvc6.DLL
0x00007ffd93b00000 - 0x00007ffd93b25000 	C:\WINDOWS\SYSTEM32\dhcpcsvc.DLL
0x00007ffd86ac0000 - 0x00007ffd86ace000 	C:\Users\Dell\.vscode\extensions\redhat.java-1.45.0-win32-x64\jre\21.0.8-win32-x86_64\bin\sunmscapi.dll
0x00007ffd9ad40000 - 0x00007ffd9aeb7000 	C:\WINDOWS\System32\CRYPT32.dll
0x00007ffd99a70000 - 0x00007ffd99aa0000 	C:\WINDOWS\SYSTEM32\ncrypt.dll
0x00007ffd99a20000 - 0x00007ffd99a5f000 	C:\WINDOWS\SYSTEM32\NTASN1.dll
0x00007ffd98a30000 - 0x00007ffd98b56000 	C:\WINDOWS\SYSTEM32\DNSAPI.dll
0x00007ffd93680000 - 0x00007ffd9368b000 	C:\Windows\System32\rasadhlp.dll
0x00007ffd941d0000 - 0x00007ffd94256000 	C:\WINDOWS\System32\fwpuclnt.dll
0x00007ffd86280000 - 0x00007ffd86289000 	C:\Users\Dell\.vscode\extensions\redhat.java-1.45.0-win32-x64\jre\21.0.8-win32-x86_64\bin\extnet.dll

JVMTI agents:
c:\Users\Dell\.vscode\extensions\redhat.java-1.45.0-win32-x64\lombok\lombok-1.18.39-4050.jar path:c:\Users\Dell\.vscode\extensions\redhat.java-1.45.0-win32-x64\jre\21.0.8-win32-x86_64\bin\instrument.dll, loaded, initialized, instrumentlib options:none

dbghelp: loaded successfully - version: 4.0.5 - missing functions: none
symbol engine: initialized successfully - sym options: 0x614 - pdb path: .;c:\Users\Dell\.vscode\extensions\redhat.java-1.45.0-win32-x64\jre\21.0.8-win32-x86_64\bin;C:\WINDOWS\SYSTEM32;C:\WINDOWS\WinSxS\amd64_microsoft.windows.common-controls_6595b64144ccf1df_6.0.26100.4484_none_3e0e6d4ce32ef3b3;c:\Users\Dell\.vscode\extensions\redhat.java-1.45.0-win32-x64\jre\21.0.8-win32-x86_64\bin\server;C:\Users\Dell\AppData\Roaming\Code\User\globalStorage\redhat.java\1.45.0\config_win\org.eclipse.equinox.launcher\org.eclipse.equinox.launcher.win32.win32.x86_64_1.2.1400.v20250801-0854;C:\Users\Dell\AppData\Local\Temp\jna-2126305

VM Arguments:
jvm_args: --add-modules=ALL-SYSTEM --add-opens=java.base/java.util=ALL-UNNAMED --add-opens=java.base/java.lang=ALL-UNNAMED --add-opens=java.base/sun.nio.fs=ALL-UNNAMED -Declipse.application=org.eclipse.jdt.ls.core.id1 -Dosgi.bundles.defaultStartLevel=4 -Declipse.product=org.eclipse.jdt.ls.core.product -Djava.import.generatesMetadataFilesAtProjectRoot=false -DDetectVMInstallationsJob.disabled=true -Dfile.encoding=utf8 -XX:+UseParallelGC -XX:GCTimeRatio=4 -XX:AdaptiveSizePolicyWeight=90 -Dsun.zip.disableMemoryMapping=true -Xmx2G -Xms100m -Xlog:disable -javaagent:c:\Users\Dell\.vscode\extensions\redhat.java-1.45.0-win32-x64\lombok\lombok-1.18.39-4050.jar -XX:+HeapDumpOnOutOfMemoryError -XX:HeapDumpPath=c:\Users\Dell\AppData\Roaming\Code\User\workspaceStorage\d26f4c9c46fa91ba28536c756c9c2e13\redhat.java -Daether.dependencyCollector.impl=bf 
java_command: c:\Users\Dell\.vscode\extensions\redhat.java-1.45.0-win32-x64\server\plugins\org.eclipse.equinox.launcher_1.7.0.v20250519-0528.jar -configuration c:\Users\Dell\AppData\Roaming\Code\User\globalStorage\redhat.java\1.45.0\config_win -data c:\Users\Dell\AppData\Roaming\Code\User\workspaceStorage\d26f4c9c46fa91ba28536c756c9c2e13\redhat.java\jdt_ws --pipe=\\.\pipe\lsp-a07a447ee70f1d7a8df6e4acac2f63c4-sock
java_class_path (initial): c:\Users\Dell\.vscode\extensions\redhat.java-1.45.0-win32-x64\server\plugins\org.eclipse.equinox.launcher_1.7.0.v20250519-0528.jar
Launcher Type: SUN_STANDARD

[Global flags]
    uintx AdaptiveSizePolicyWeight                 = 90                                        {product} {command line}
     intx CICompilerCount                          = 4                                         {product} {ergonomic}
    uintx GCTimeRatio                              = 4                                         {product} {command line}
     bool HeapDumpOnOutOfMemoryError               = true                                   {manageable} {command line}
    ccstr HeapDumpPath                             = c:\Users\Dell\AppData\Roaming\Code\User\workspaceStorage\d26f4c9c46fa91ba28536c756c9c2e13\redhat.java         {manageable} {command line}
   size_t InitialHeapSize                          = 104857600                                 {product} {command line}
   size_t MaxHeapSize                              = 2147483648                                {product} {command line}
   size_t MaxNewSize                               = 715653120                                 {product} {ergonomic}
   size_t MinHeapDeltaBytes                        = 524288                                    {product} {ergonomic}
   size_t MinHeapSize                              = 104857600                                 {product} {command line}
   size_t NewSize                                  = 34603008                                  {product} {ergonomic}
    uintx NonNMethodCodeHeapSize                   = 5839372                                {pd product} {ergonomic}
    uintx NonProfiledCodeHeapSize                  = 122909434                              {pd product} {ergonomic}
   size_t OldSize                                  = 70254592                                  {product} {ergonomic}
    uintx ProfiledCodeHeapSize                     = 122909434                              {pd product} {ergonomic}
    uintx ReservedCodeCacheSize                    = 251658240                              {pd product} {ergonomic}
     bool SegmentedCodeCache                       = true                                      {product} {ergonomic}
   size_t SoftMaxHeapSize                          = 2147483648                             {manageable} {ergonomic}
     bool UseCompressedOops                        = true                           {product lp64_product} {ergonomic}
     bool UseLargePagesIndividualAllocation        = false                                  {pd product} {ergonomic}
     bool UseParallelGC                            = true                                      {product} {command line}

Logging:
Log output configuration:
 #0: stdout all=off uptime,level,tags foldmultilines=false
 #1: stderr all=off uptime,level,tags foldmultilines=false

Environment Variables:
JAVA_HOME=C:\Program Files\Java\jdk-17
PATH=C:\Program Files\Common Files\Oracle\Java\javapath;C:\WINDOWS\system32;C:\WINDOWS;C:\WINDOWS\System32\Wbem;C:\WINDOWS\System32\WindowsPowerShell\v1.0\;C:\WINDOWS\System32\OpenSSH\;C:\Program Files\dotnet\;C:\Program Files (x86)\HP\Common\HPDestPlgIn\;C:\Program Files\Git\cmd;C:\MinGW\bin;C:\apache-maven-3.9.9-bin\apache-maven-3.9.9\bin;C:\Program Files\nodejs\;C:\Program Files\nodejs\;C:\Program Files\Java\jdk-17\bin;C:\Program Files\MySQL\MySQL Server 8.0\bin;C:\Program Files\MySQL\MySQL Shell 8.0\bin\;C:\Users\Dell\AppData\Local\Programs\Python\Python312\Scripts\;C:\Users\Dell\AppData\Local\Programs\Python\Python312\;C:\Users\Dell\AppData\Local\Programs\Python\Launcher\;C:\Users\Dell\AppData\Local\Microsoft\WindowsApps;C:\Users\Dell\AppData\Local\Programs\Microsoft VS Code\bin;C:\Program Files (x86)\HP\Common\HPDestPlgIn\;C:\Users\Dell\AppData\Roaming\npm;C:\Users\Dell\AppData\Local\Programs\cursor\resources\app\bin;C:\Users\Dell\AppData\Local\Programs\Windsurf\bin
USERNAME=Dell
OS=Windows_NT
PROCESSOR_IDENTIFIER=Intel64 Family 6 Model 186 Stepping 3, GenuineIntel
TMP=C:\Users\Dell\AppData\Local\Temp
TEMP=C:\Users\Dell\AppData\Local\Temp




Periodic native trim disabled

---------------  S Y S T E M  ---------------

OS:
 Windows 11 , 64 bit Build 26100 (10.0.26100.4484)
OS uptime: 58 days 1:12 hours
Hyper-V role detected

CPU: total 12 (initial active 12) (6 cores per cpu, 2 threads per core) family 6 model 186 stepping 3 microcode 0x4123, cx8, cmov, fxsr, ht, mmx, 3dnowpref, sse, sse2, sse3, ssse3, sse4.1, sse4.2, popcnt, lzcnt, tsc, tscinvbit, avx, avx2, aes, erms, clmul, bmi1, bmi2, adx, sha, fma, vzeroupper, clflush, clflushopt, clwb, hv, serialize, rdtscp, rdpid, fsrm, f16c, cet_ibt, cet_ss
Processor Information for the first 12 processors :
  Max Mhz: 1700, Current Mhz: 1700, Mhz Limit: 1700

Memory: 4k page, system-wide physical 16068M (1485M free)
TotalPageFile size 43160M (AvailPageFile size 6M)
current process WorkingSet (physical memory assigned to process): 363M, peak: 368M
current process commit charge ("private bytes"): 430M, peak: 430M

vm_info: OpenJDK 64-Bit Server VM (21.0.8+9-LTS) for windows-amd64 JRE (21.0.8+9-LTS), built on 2025-07-15T00:00:00Z by "admin" with MS VC++ 17.7 (VS2022)

END.
