#
# There is insufficient memory for the Java Runtime Environment to continue.
# Native memory allocation (malloc) failed to allocate 1226384 bytes. Error detail: Chunk::new
# Possible reasons:
#   The system is out of physical RAM or swap space
#   This process is running with CompressedOops enabled, and the Java Heap may be blocking the growth of the native heap
# Possible solutions:
#   Reduce memory load on the system
#   Increase physical memory or swap space
#   Check if swap backing store is full
#   Decrease Java heap size (-Xmx/-Xms)
#   Decrease number of Java threads
#   Decrease Java thread stack sizes (-Xss)
#   Set larger code cache with -XX:ReservedCodeCacheSize=
#   JVM is running with Unscaled Compressed Oops mode in which the Java heap is
#     placed in the first 4GB address space. The Java Heap base address is the
#     maximum limit for the native heap growth. Please use -XX:HeapBaseMinAddress
#     to set the Java Heap base and to place the Java Heap above 4GB virtual address.
# This output file may be truncated or incomplete.
#
#  Out of Memory Error (arena.cpp:168), pid=57580, tid=7372
#
# JRE version: OpenJDK Runtime Environment Temurin-21.0.8+9 (21.0.8+9) (build 21.0.8+9-LTS)
# Java VM: OpenJDK 64-Bit Server VM Temurin-21.0.8+9 (21.0.8+9-LTS, mixed mode, sharing, tiered, compressed oops, compressed class ptrs, parallel gc, windows-amd64)
# No core dump will be written. Minidumps are not enabled by default on client versions of Windows
#

---------------  S U M M A R Y ------------

Command Line: --add-modules=ALL-SYSTEM --add-opens=java.base/java.util=ALL-UNNAMED --add-opens=java.base/java.lang=ALL-UNNAMED --add-opens=java.base/sun.nio.fs=ALL-UNNAMED -Declipse.application=org.eclipse.jdt.ls.core.id1 -Dosgi.bundles.defaultStartLevel=4 -Declipse.product=org.eclipse.jdt.ls.core.product -Djava.import.generatesMetadataFilesAtProjectRoot=false -DDetectVMInstallationsJob.disabled=true -Dfile.encoding=utf8 -XX:+UseParallelGC -XX:GCTimeRatio=4 -XX:AdaptiveSizePolicyWeight=90 -Dsun.zip.disableMemoryMapping=true -Xmx2G -Xms100m -Xlog:disable -javaagent:c:\Users\Dell\.vscode\extensions\redhat.java-1.45.0-win32-x64\lombok\lombok-1.18.39-4050.jar c:\Users\Dell\.vscode\extensions\redhat.java-1.45.0-win32-x64\server\plugins\org.eclipse.equinox.launcher_1.7.0.v20250519-0528.jar -configuration c:\Users\Dell\AppData\Roaming\Code\User\globalStorage\redhat.java\1.45.0\config_ss_win -data c:\Users\Dell\AppData\Roaming\Code\User\workspaceStorage\d26f4c9c46fa91ba28536c756c9c2e13\redhat.java\ss_ws --pipe=\\.\pipe\lsp-9a41e9c96f1e920eae05c5f62fa74c30-sock

Host: 13th Gen Intel(R) Core(TM) i7-1355U, 12 cores, 15G,  Windows 11 , 64 bit Build 26100 (10.0.26100.4484)
Time: Sun Sep 14 00:29:21 2025 India Standard Time elapsed time: 4.386275 seconds (0d 0h 0m 4s)

---------------  T H R E A D  ---------------

Current thread (0x000002674cb89210):  JavaThread "C2 CompilerThread0" daemon [_thread_in_native, id=7372, stack(0x00000087d7100000,0x00000087d7200000) (1024K)]


Current CompileTask:
C2:4386 2690       4       java.lang.invoke.MethodType::makeImpl (109 bytes)

Stack: [0x00000087d7100000,0x00000087d7200000]
Native frames: (J=compiled Java code, j=interpreted, Vv=VM code, C=native code)
V  [jvm.dll+0x6d2449]
V  [jvm.dll+0x8ae341]
V  [jvm.dll+0x8b08be]
V  [jvm.dll+0x8b0fa3]
V  [jvm.dll+0x280c96]
V  [jvm.dll+0xc581d]
V  [jvm.dll+0xc5d53]
V  [jvm.dll+0x3b919c]
V  [jvm.dll+0x1e1409]
V  [jvm.dll+0x249022]
V  [jvm.dll+0x2484af]
V  [jvm.dll+0x1c89ee]
V  [jvm.dll+0x257d4d]
V  [jvm.dll+0x2562ea]
V  [jvm.dll+0x3f2d16]
V  [jvm.dll+0x857e6b]
V  [jvm.dll+0x6d0b0d]
C  [ucrtbase.dll+0x37b0]
C  [KERNEL32.DLL+0x2e8d7]
C  [ntdll.dll+0x3c34c]


---------------  P R O C E S S  ---------------

Threads class SMR info:
_java_thread_list=0x000002676aebff20, length=20, elements={
0x000002674cad9db0, 0x000002674ca8cd20, 0x000002674cb80260, 0x000002674cb830d0,
0x000002674cb83b20, 0x000002674cb85a30, 0x000002674cb86480, 0x000002674cb89210,
0x0000026764838760, 0x00000267648cf6e0, 0x0000026764b38ae0, 0x000002676a16f0f0,
0x000002676a13d350, 0x000002676a13e710, 0x0000026765f33640, 0x000002676a062d10,
0x000002676a2f4a90, 0x000002676a446350, 0x000002676a410330, 0x000002676a31fb70
}

Java Threads: ( => current thread )
  0x000002674cad9db0 JavaThread "main"                              [_thread_blocked, id=36972, stack(0x00000087d6700000,0x00000087d6800000) (1024K)]
  0x000002674ca8cd20 JavaThread "Reference Handler"          daemon [_thread_blocked, id=7052, stack(0x00000087d6b00000,0x00000087d6c00000) (1024K)]
  0x000002674cb80260 JavaThread "Finalizer"                  daemon [_thread_blocked, id=35872, stack(0x00000087d6c00000,0x00000087d6d00000) (1024K)]
  0x000002674cb830d0 JavaThread "Signal Dispatcher"          daemon [_thread_blocked, id=11176, stack(0x00000087d6d00000,0x00000087d6e00000) (1024K)]
  0x000002674cb83b20 JavaThread "Attach Listener"            daemon [_thread_blocked, id=3572, stack(0x00000087d6e00000,0x00000087d6f00000) (1024K)]
  0x000002674cb85a30 JavaThread "Service Thread"             daemon [_thread_blocked, id=61212, stack(0x00000087d6f00000,0x00000087d7000000) (1024K)]
  0x000002674cb86480 JavaThread "Monitor Deflation Thread"   daemon [_thread_blocked, id=53820, stack(0x00000087d7000000,0x00000087d7100000) (1024K)]
=>0x000002674cb89210 JavaThread "C2 CompilerThread0"         daemon [_thread_in_native, id=7372, stack(0x00000087d7100000,0x00000087d7200000) (1024K)]
  0x0000026764838760 JavaThread "C1 CompilerThread0"         daemon [_thread_blocked, id=59036, stack(0x00000087d7200000,0x00000087d7300000) (1024K)]
  0x00000267648cf6e0 JavaThread "Common-Cleaner"             daemon [_thread_blocked, id=58168, stack(0x00000087d7300000,0x00000087d7400000) (1024K)]
  0x0000026764b38ae0 JavaThread "Notification Thread"        daemon [_thread_blocked, id=54376, stack(0x00000087d7500000,0x00000087d7600000) (1024K)]
  0x000002676a16f0f0 JavaThread "Active Thread: Equinox Container: fd440899-8685-43fc-809a-622408591f63"        [_thread_blocked, id=64884, stack(0x00000087d7d00000,0x00000087d7e00000) (1024K)]
  0x000002676a13d350 JavaThread "Framework Event Dispatcher: Equinox Container: fd440899-8685-43fc-809a-622408591f63" daemon [_thread_blocked, id=20776, stack(0x00000087d7e00000,0x00000087d7f00000) (1024K)]
  0x000002676a13e710 JavaThread "Start Level: Equinox Container: fd440899-8685-43fc-809a-622408591f63" daemon [_thread_in_vm, id=46752, stack(0x00000087d7f00000,0x00000087d8000000) (1024K)]
  0x0000026765f33640 JavaThread "SCR Component Actor"        daemon [_thread_blocked, id=54608, stack(0x00000087d8100000,0x00000087d8200000) (1024K)]
  0x000002676a062d10 JavaThread "SCR Component Registry"     daemon [_thread_blocked, id=30160, stack(0x00000087d7600000,0x00000087d7700000) (1024K)]
  0x000002676a2f4a90 JavaThread "Worker-JM"                         [_thread_blocked, id=51584, stack(0x00000087d8300000,0x00000087d8400000) (1024K)]
  0x000002676a446350 JavaThread "JNA Cleaner"                daemon [_thread_blocked, id=35024, stack(0x00000087d7400000,0x00000087d7500000) (1024K)]
  0x000002676a410330 JavaThread "Worker-0"                          [_thread_blocked, id=42276, stack(0x00000087d8200000,0x00000087d8300000) (1024K)]
  0x000002676a31fb70 JavaThread "Worker-1"                          [_thread_blocked, id=14216, stack(0x00000087d8600000,0x00000087d8700000) (1024K)]
Total: 20

Other Threads:
  0x000002674cb7e9b0 VMThread "VM Thread"                           [id=52700, stack(0x00000087d6a00000,0x00000087d6b00000) (1024K)]
  0x000002674cb48130 WatcherThread "VM Periodic Task Thread"        [id=48880, stack(0x00000087d6900000,0x00000087d6a00000) (1024K)]
  0x000002674cafbd40 WorkerThread "GC Thread#0"                     [id=29224, stack(0x00000087d6800000,0x00000087d6900000) (1024K)]
  0x00000267657ab880 WorkerThread "GC Thread#1"                     [id=63080, stack(0x00000087d7700000,0x00000087d7800000) (1024K)]
  0x00000267657abc20 WorkerThread "GC Thread#2"                     [id=44688, stack(0x00000087d7800000,0x00000087d7900000) (1024K)]
  0x00000267657abfc0 WorkerThread "GC Thread#3"                     [id=18100, stack(0x00000087d7900000,0x00000087d7a00000) (1024K)]
  0x00000267657ac360 WorkerThread "GC Thread#4"                     [id=43924, stack(0x00000087d7a00000,0x00000087d7b00000) (1024K)]
  0x00000267657ac700 WorkerThread "GC Thread#5"                     [id=42832, stack(0x00000087d7b00000,0x00000087d7c00000) (1024K)]
  0x00000267657f6be0 WorkerThread "GC Thread#6"                     [id=9524, stack(0x00000087d7c00000,0x00000087d7d00000) (1024K)]
  0x000002676a057980 WorkerThread "GC Thread#7"                     [id=49140, stack(0x00000087d8000000,0x00000087d8100000) (1024K)]
  0x000002676a351520 WorkerThread "GC Thread#8"                     [id=34808, stack(0x00000087d8400000,0x00000087d8500000) (1024K)]
  0x000002676a3518c0 WorkerThread "GC Thread#9"                     [id=28236, stack(0x00000087d8500000,0x00000087d8600000) (1024K)]
Total: 12

Threads with active compile tasks:
C2 CompilerThread0  4469 2690       4       java.lang.invoke.MethodType::makeImpl (109 bytes)
Total: 1

VM state: not at safepoint (normal execution)

VM Mutex/Monitor currently owned by a thread: None

Heap address: 0x0000000080000000, size: 2048 MB, Compressed Oops mode: 32-bit

CDS archive(s) mapped at: [0x0000026700000000-0x0000026700ba0000-0x0000026700ba0000), size 12189696, SharedBaseAddress: 0x0000026700000000, ArchiveRelocationMode: 1.
Compressed class space mapped at: 0x0000026701000000-0x0000026741000000, reserved size: 1073741824
Narrow klass base: 0x0000026700000000, Narrow klass shift: 0, Narrow klass range: 0x100000000

GC Precious Log:
 CardTable entry size: 512
 CPUs: 12 total, 12 available
 Memory: 16068M
 Large Page Support: Disabled
 NUMA Support: Disabled
 Compressed Oops: Enabled (32-bit)
 Alignments: Space 512K, Generation 512K, Heap 2M
 Heap Min Capacity: 100M
 Heap Initial Capacity: 100M
 Heap Max Capacity: 2G
 Pre-touch: Disabled
 Parallel Workers: 10

Heap:
 PSYoungGen      total 29696K, used 29123K [0x00000000d5580000, 0x00000000d7680000, 0x0000000100000000)
  eden space 25600K, 97% used [0x00000000d5580000,0x00000000d6df3818,0x00000000d6e80000)
  from space 4096K, 99% used [0x00000000d7280000,0x00000000d767d668,0x00000000d7680000)
  to   space 4096K, 0% used [0x00000000d6e80000,0x00000000d6e80000,0x00000000d7280000)
 ParOldGen       total 68608K, used 4709K [0x0000000080000000, 0x0000000084300000, 0x00000000d5580000)
  object space 68608K, 6% used [0x0000000080000000,0x0000000080499490,0x0000000084300000)
 Metaspace       used 20117K, committed 20736K, reserved 1114112K
  class space    used 1989K, committed 2240K, reserved 1048576K

Card table byte_map: [0x000002674c480000,0x000002674c890000] _byte_map_base: 0x000002674c080000

Marking Bits: (ParMarkBitMap*) 0x00007ffd2851a340
 Begin Bits: [0x000002675ef80000, 0x0000026760f80000)
 End Bits:   [0x0000026760f80000, 0x0000026762f80000)

Polling page: 0x000002674a950000

Metaspace:

Usage:
  Non-class:     17.70 MB used.
      Class:      1.94 MB used.
       Both:     19.65 MB used.

Virtual space:
  Non-class space:       64.00 MB reserved,      18.06 MB ( 28%) committed,  1 nodes.
      Class space:        1.00 GB reserved,       2.19 MB ( <1%) committed,  1 nodes.
             Both:        1.06 GB reserved,      20.25 MB (  2%) committed. 

Chunk freelists:
   Non-Class:  13.44 MB
       Class:  13.62 MB
        Both:  27.06 MB

MaxMetaspaceSize: unlimited
CompressedClassSpaceSize: 1.00 GB
Initial GC threshold: 21.00 MB
Current GC threshold: 21.00 MB
CDS: on
 - commit_granule_bytes: 65536.
 - commit_granule_words: 8192.
 - virtual_space_node_default_size: 8388608.
 - enlarge_chunks_in_place: 1.
 - use_allocation_guard: 0.


Internal statistics:

num_allocs_failed_limit: 0.
num_arena_births: 502.
num_arena_deaths: 0.
num_vsnodes_births: 2.
num_vsnodes_deaths: 0.
num_space_committed: 324.
num_space_uncommitted: 0.
num_chunks_returned_to_freelist: 0.
num_chunks_taken_from_freelist: 1251.
num_chunk_merges: 0.
num_chunk_splits: 805.
num_chunks_enlarged: 527.
num_inconsistent_stats: 0.

CodeHeap 'non-profiled nmethods': size=120000Kb used=1167Kb max_used=1167Kb free=118832Kb
 bounds [0x00000267577a0000, 0x0000026757a10000, 0x000002675ecd0000]
CodeHeap 'profiled nmethods': size=120000Kb used=5275Kb max_used=5275Kb free=114725Kb
 bounds [0x000002674fcd0000, 0x0000026750200000, 0x0000026757200000]
CodeHeap 'non-nmethods': size=5760Kb used=1305Kb max_used=1305Kb free=4454Kb
 bounds [0x0000026757200000, 0x0000026757470000, 0x00000267577a0000]
CodeCache: size=245760Kb, used=7747Kb, max_used=7747Kb, free=238011Kb
 total_blobs=3306, nmethods=2720, adapters=492, full_count=0
Compilation: enabled, stopped_count=0, restarted_count=0

Compilation events (20 events):
Event: 3.327 Thread 0x0000026764838760 nmethod 2709 0x00000267501ef190 code [0x00000267501ef3a0, 0x00000267501ef8f0]
Event: 3.327 Thread 0x0000026764838760 2712       3       org.lombokweb.asm.ByteVector::put11 (52 bytes)
Event: 3.327 Thread 0x0000026764838760 nmethod 2712 0x00000267501efb90 code [0x00000267501efd40, 0x00000267501eff48]
Event: 3.327 Thread 0x0000026764838760 2713       3       lombok.patcher.Hook::convertType (64 bytes)
Event: 3.328 Thread 0x0000026764838760 nmethod 2713 0x00000267501f0090 code [0x00000267501f02e0, 0x00000267501f09e8]
Event: 3.328 Thread 0x0000026764838760 2710       3       org.lombokweb.asm.Symbol::getArgumentsAndReturnSizes (23 bytes)
Event: 3.328 Thread 0x0000026764838760 nmethod 2710 0x00000267501f0d90 code [0x00000267501f0f40, 0x00000267501f10c0]
Event: 3.328 Thread 0x0000026764838760 2711       3       org.lombokweb.asm.MethodWriter::visitMethodInsn (191 bytes)
Event: 3.329 Thread 0x000002676a3c45d0 nmethod 2707 0x00000267578c3090 code [0x00000267578c3240, 0x00000267578c33c8]
Event: 3.329 Thread 0x0000026764838760 nmethod 2711 0x00000267501f1190 code [0x00000267501f13e0, 0x00000267501f1ba0]
Event: 3.330 Thread 0x000002676a3c45d0 2714       4       org.lombokweb.asm.MethodWriter::visitLabel (332 bytes)
Event: 3.335 Thread 0x000002676a3c45d0 nmethod 2714 0x00000267578c3610 code [0x00000267578c37c0, 0x00000267578c3c20]
Event: 3.365 Thread 0x0000026764838760 2715       3       java.lang.invoke.MethodHandles$Lookup::getDirectConstructorCommon (69 bytes)
Event: 3.365 Thread 0x0000026764838760 nmethod 2715 0x00000267501f1e90 code [0x00000267501f20a0, 0x00000267501f25c0]
Event: 3.365 Thread 0x0000026764838760 2716       3       java.lang.invoke.MemberName::asConstructor (58 bytes)
Event: 3.366 Thread 0x0000026764838760 nmethod 2716 0x00000267501f2810 code [0x00000267501f2a40, 0x00000267501f3048]
Event: 3.901 Thread 0x0000026764838760 2717       3       java.util.concurrent.Semaphore$NonfairSync::tryAcquireShared (6 bytes)
Event: 3.901 Thread 0x0000026764838760 nmethod 2717 0x00000267501f3290 code [0x00000267501f3440, 0x00000267501f3578]
Event: 3.901 Thread 0x0000026764838760 2718       3       java.util.concurrent.Semaphore$Sync::nonfairTryAcquireShared (27 bytes)
Event: 3.902 Thread 0x0000026764838760 nmethod 2718 0x00000267501f3610 code [0x00000267501f37c0, 0x00000267501f3a10]

GC Heap History (8 events):
Event: 1.114 GC heap before
{Heap before GC invocations=1 (full 0):
 PSYoungGen      total 29696K, used 25600K [0x00000000d5580000, 0x00000000d7680000, 0x0000000100000000)
  eden space 25600K, 100% used [0x00000000d5580000,0x00000000d6e80000,0x00000000d6e80000)
  from space 4096K, 0% used [0x00000000d7280000,0x00000000d7280000,0x00000000d7680000)
  to   space 4096K, 0% used [0x00000000d6e80000,0x00000000d6e80000,0x00000000d7280000)
 ParOldGen       total 68608K, used 0K [0x0000000080000000, 0x0000000084300000, 0x00000000d5580000)
  object space 68608K, 0% used [0x0000000080000000,0x0000000080000000,0x0000000084300000)
 Metaspace       used 4324K, committed 4608K, reserved 1114112K
  class space    used 471K, committed 576K, reserved 1048576K
}
Event: 1.122 GC heap after
{Heap after GC invocations=1 (full 0):
 PSYoungGen      total 29696K, used 3367K [0x00000000d5580000, 0x00000000d7680000, 0x0000000100000000)
  eden space 25600K, 0% used [0x00000000d5580000,0x00000000d5580000,0x00000000d6e80000)
  from space 4096K, 82% used [0x00000000d6e80000,0x00000000d71c9e18,0x00000000d7280000)
  to   space 4096K, 0% used [0x00000000d7280000,0x00000000d7280000,0x00000000d7680000)
 ParOldGen       total 68608K, used 8K [0x0000000080000000, 0x0000000084300000, 0x00000000d5580000)
  object space 68608K, 0% used [0x0000000080000000,0x0000000080002000,0x0000000084300000)
 Metaspace       used 4324K, committed 4608K, reserved 1114112K
  class space    used 471K, committed 576K, reserved 1048576K
}
Event: 1.928 GC heap before
{Heap before GC invocations=2 (full 0):
 PSYoungGen      total 29696K, used 28967K [0x00000000d5580000, 0x00000000d7680000, 0x0000000100000000)
  eden space 25600K, 100% used [0x00000000d5580000,0x00000000d6e80000,0x00000000d6e80000)
  from space 4096K, 82% used [0x00000000d6e80000,0x00000000d71c9e18,0x00000000d7280000)
  to   space 4096K, 0% used [0x00000000d7280000,0x00000000d7280000,0x00000000d7680000)
 ParOldGen       total 68608K, used 8K [0x0000000080000000, 0x0000000084300000, 0x00000000d5580000)
  object space 68608K, 0% used [0x0000000080000000,0x0000000080002000,0x0000000084300000)
 Metaspace       used 8145K, committed 8448K, reserved 1114112K
  class space    used 870K, committed 1024K, reserved 1048576K
}
Event: 1.932 GC heap after
{Heap after GC invocations=2 (full 0):
 PSYoungGen      total 29696K, used 4077K [0x00000000d5580000, 0x00000000d7680000, 0x0000000100000000)
  eden space 25600K, 0% used [0x00000000d5580000,0x00000000d5580000,0x00000000d6e80000)
  from space 4096K, 99% used [0x00000000d7280000,0x00000000d767b5e8,0x00000000d7680000)
  to   space 4096K, 0% used [0x00000000d6e80000,0x00000000d6e80000,0x00000000d7280000)
 ParOldGen       total 68608K, used 934K [0x0000000080000000, 0x0000000084300000, 0x00000000d5580000)
  object space 68608K, 1% used [0x0000000080000000,0x00000000800e9830,0x0000000084300000)
 Metaspace       used 8145K, committed 8448K, reserved 1114112K
  class space    used 870K, committed 1024K, reserved 1048576K
}
Event: 2.537 GC heap before
{Heap before GC invocations=3 (full 0):
 PSYoungGen      total 29696K, used 29653K [0x00000000d5580000, 0x00000000d7680000, 0x0000000100000000)
  eden space 25600K, 99% used [0x00000000d5580000,0x00000000d6e79ef8,0x00000000d6e80000)
  from space 4096K, 99% used [0x00000000d7280000,0x00000000d767b5e8,0x00000000d7680000)
  to   space 4096K, 0% used [0x00000000d6e80000,0x00000000d6e80000,0x00000000d7280000)
 ParOldGen       total 68608K, used 934K [0x0000000080000000, 0x0000000084300000, 0x00000000d5580000)
  object space 68608K, 1% used [0x0000000080000000,0x00000000800e9830,0x0000000084300000)
 Metaspace       used 12965K, committed 13440K, reserved 1114112K
  class space    used 1376K, committed 1600K, reserved 1048576K
}
Event: 2.542 GC heap after
{Heap after GC invocations=3 (full 0):
 PSYoungGen      total 29696K, used 4069K [0x00000000d5580000, 0x00000000d7680000, 0x0000000100000000)
  eden space 25600K, 0% used [0x00000000d5580000,0x00000000d5580000,0x00000000d6e80000)
  from space 4096K, 99% used [0x00000000d6e80000,0x00000000d72796e0,0x00000000d7280000)
  to   space 4096K, 0% used [0x00000000d7280000,0x00000000d7280000,0x00000000d7680000)
 ParOldGen       total 68608K, used 2703K [0x0000000080000000, 0x0000000084300000, 0x00000000d5580000)
  object space 68608K, 3% used [0x0000000080000000,0x00000000802a3e10,0x0000000084300000)
 Metaspace       used 12965K, committed 13440K, reserved 1114112K
  class space    used 1376K, committed 1600K, reserved 1048576K
}
Event: 3.130 GC heap before
{Heap before GC invocations=4 (full 0):
 PSYoungGen      total 29696K, used 29669K [0x00000000d5580000, 0x00000000d7680000, 0x0000000100000000)
  eden space 25600K, 100% used [0x00000000d5580000,0x00000000d6e80000,0x00000000d6e80000)
  from space 4096K, 99% used [0x00000000d6e80000,0x00000000d72796e0,0x00000000d7280000)
  to   space 4096K, 0% used [0x00000000d7280000,0x00000000d7280000,0x00000000d7680000)
 ParOldGen       total 68608K, used 2703K [0x0000000080000000, 0x0000000084300000, 0x00000000d5580000)
  object space 68608K, 3% used [0x0000000080000000,0x00000000802a3e10,0x0000000084300000)
 Metaspace       used 17049K, committed 17728K, reserved 1114112K
  class space    used 1790K, committed 2048K, reserved 1048576K
}
Event: 3.134 GC heap after
{Heap after GC invocations=4 (full 0):
 PSYoungGen      total 29696K, used 4085K [0x00000000d5580000, 0x00000000d7680000, 0x0000000100000000)
  eden space 25600K, 0% used [0x00000000d5580000,0x00000000d5580000,0x00000000d6e80000)
  from space 4096K, 99% used [0x00000000d7280000,0x00000000d767d668,0x00000000d7680000)
  to   space 4096K, 0% used [0x00000000d6e80000,0x00000000d6e80000,0x00000000d7280000)
 ParOldGen       total 68608K, used 4709K [0x0000000080000000, 0x0000000084300000, 0x00000000d5580000)
  object space 68608K, 6% used [0x0000000080000000,0x0000000080499490,0x0000000084300000)
 Metaspace       used 17049K, committed 17728K, reserved 1114112K
  class space    used 1790K, committed 2048K, reserved 1048576K
}

Dll operation events (10 events):
Event: 0.015 Loaded shared library c:\Users\Dell\.vscode\extensions\redhat.java-1.45.0-win32-x64\jre\21.0.8-win32-x86_64\bin\java.dll
Event: 0.119 Loaded shared library c:\Users\Dell\.vscode\extensions\redhat.java-1.45.0-win32-x64\jre\21.0.8-win32-x86_64\bin\zip.dll
Event: 0.142 Loaded shared library C:\Users\Dell\.vscode\extensions\redhat.java-1.45.0-win32-x64\jre\21.0.8-win32-x86_64\bin\instrument.dll
Event: 0.150 Loaded shared library C:\Users\Dell\.vscode\extensions\redhat.java-1.45.0-win32-x64\jre\21.0.8-win32-x86_64\bin\net.dll
Event: 0.153 Loaded shared library C:\Users\Dell\.vscode\extensions\redhat.java-1.45.0-win32-x64\jre\21.0.8-win32-x86_64\bin\nio.dll
Event: 0.157 Loaded shared library C:\Users\Dell\.vscode\extensions\redhat.java-1.45.0-win32-x64\jre\21.0.8-win32-x86_64\bin\zip.dll
Event: 0.176 Loaded shared library C:\Users\Dell\.vscode\extensions\redhat.java-1.45.0-win32-x64\jre\21.0.8-win32-x86_64\bin\jimage.dll
Event: 0.288 Loaded shared library c:\Users\Dell\.vscode\extensions\redhat.java-1.45.0-win32-x64\jre\21.0.8-win32-x86_64\bin\verify.dll
Event: 1.894 Loaded shared library C:\Users\Dell\AppData\Roaming\Code\User\globalStorage\redhat.java\1.45.0\config_ss_win\org.eclipse.equinox.launcher\org.eclipse.equinox.launcher.win32.win32.x86_64_1.2.1400.v20250801-0854\eclipse_11916.dll
Event: 2.913 Loaded shared library C:\Users\Dell\AppData\Local\Temp\jna-2126305\jna15636794251558840760.dll

Deoptimization events (20 events):
Event: 3.070 Thread 0x000002676a13e710 Uncommon trap: trap_request=0xffffff45 fr.pc=0x00000267578a2304 relative=0x0000000000001024
Event: 3.070 Thread 0x000002676a13e710 Uncommon trap: reason=unstable_if action=reinterpret pc=0x00000267578a2304 method=jdk.internal.org.objectweb.asm.Frame.execute(IILjdk/internal/org/objectweb/asm/Symbol;Ljdk/internal/org/objectweb/asm/SymbolTable;)V @ 1 c2
Event: 3.070 Thread 0x000002676a13e710 DEOPT PACKING pc=0x00000267578a2304 sp=0x00000087d7ff7a90
Event: 3.070 Thread 0x000002676a13e710 DEOPT UNPACKING pc=0x0000026757253aa2 sp=0x00000087d7ff7a18 mode 2
Event: 3.087 Thread 0x000002676a13e710 Uncommon trap: trap_request=0xffffffde fr.pc=0x0000026757896d14 relative=0x00000000000003b4
Event: 3.088 Thread 0x000002676a13e710 Uncommon trap: reason=class_check action=maybe_recompile pc=0x0000026757896d14 method=java.util.regex.Pattern$BmpCharPropertyGreedy.match(Ljava/util/regex/Matcher;ILjava/lang/CharSequence;)Z @ 70 c2
Event: 3.088 Thread 0x000002676a13e710 DEOPT PACKING pc=0x0000026757896d14 sp=0x00000087d7fef210
Event: 3.088 Thread 0x000002676a13e710 DEOPT UNPACKING pc=0x0000026757253aa2 sp=0x00000087d7fef1b8 mode 2
Event: 3.088 Thread 0x000002676a13e710 Uncommon trap: trap_request=0xffffffde fr.pc=0x0000026757896d14 relative=0x00000000000003b4
Event: 3.088 Thread 0x000002676a13e710 Uncommon trap: reason=class_check action=maybe_recompile pc=0x0000026757896d14 method=java.util.regex.Pattern$BmpCharPropertyGreedy.match(Ljava/util/regex/Matcher;ILjava/lang/CharSequence;)Z @ 70 c2
Event: 3.088 Thread 0x000002676a13e710 DEOPT PACKING pc=0x0000026757896d14 sp=0x00000087d7fef060
Event: 3.088 Thread 0x000002676a13e710 DEOPT UNPACKING pc=0x0000026757253aa2 sp=0x00000087d7fef008 mode 2
Event: 3.088 Thread 0x000002676a13e710 Uncommon trap: trap_request=0xffffffde fr.pc=0x0000026757896d14 relative=0x00000000000003b4
Event: 3.088 Thread 0x000002676a13e710 Uncommon trap: reason=class_check action=maybe_recompile pc=0x0000026757896d14 method=java.util.regex.Pattern$BmpCharPropertyGreedy.match(Ljava/util/regex/Matcher;ILjava/lang/CharSequence;)Z @ 70 c2
Event: 3.088 Thread 0x000002676a13e710 DEOPT PACKING pc=0x0000026757896d14 sp=0x00000087d7fef220
Event: 3.088 Thread 0x000002676a13e710 DEOPT UNPACKING pc=0x0000026757253aa2 sp=0x00000087d7fef1c8 mode 2
Event: 3.088 Thread 0x000002676a13e710 Uncommon trap: trap_request=0xffffffde fr.pc=0x0000026757896d14 relative=0x00000000000003b4
Event: 3.088 Thread 0x000002676a13e710 Uncommon trap: reason=class_check action=maybe_recompile pc=0x0000026757896d14 method=java.util.regex.Pattern$BmpCharPropertyGreedy.match(Ljava/util/regex/Matcher;ILjava/lang/CharSequence;)Z @ 70 c2
Event: 3.088 Thread 0x000002676a13e710 DEOPT PACKING pc=0x0000026757896d14 sp=0x00000087d7fef070
Event: 3.088 Thread 0x000002676a13e710 DEOPT UNPACKING pc=0x0000026757253aa2 sp=0x00000087d7fef018 mode 2

Classes loaded (20 events):
Event: 3.081 Loading class java/util/zip/GZIPInputStream
Event: 3.081 Loading class java/util/zip/GZIPInputStream done
Event: 3.102 Loading class java/io/StringReader
Event: 3.102 Loading class java/io/StringReader done
Event: 3.108 Loading class java/net/SocketTimeoutException
Event: 3.109 Loading class java/io/InterruptedIOException
Event: 3.109 Loading class java/io/InterruptedIOException done
Event: 3.109 Loading class java/net/SocketTimeoutException done
Event: 3.109 Loading class java/net/SocketException
Event: 3.109 Loading class java/net/SocketException done
Event: 3.109 Loading class java/net/UnknownHostException
Event: 3.109 Loading class java/net/UnknownHostException done
Event: 3.109 Loading class java/net/ProtocolException
Event: 3.109 Loading class java/net/ProtocolException done
Event: 3.137 Loading class java/lang/ThreadLocal$SuppliedThreadLocal
Event: 3.138 Loading class java/lang/ThreadLocal$SuppliedThreadLocal done
Event: 3.143 Loading class java/io/FileWriter
Event: 3.143 Loading class java/io/FileWriter done
Event: 3.199 Loading class java/lang/NegativeArraySizeException
Event: 3.200 Loading class java/lang/NegativeArraySizeException done

Classes unloaded (0 events):
No events

Classes redefined (0 events):
No events

Internal exceptions (20 events):
Event: 2.942 Thread 0x000002676a13e710 Exception <a 'java/lang/NoSuchMethodError'{0x00000000d63c1d58}: 'void java.lang.invoke.DirectMethodHandle$Holder.invokeSpecial(java.lang.Object, java.lang.Object, java.lang.Object, int)'> (0x00000000d63c1d58) 
thrown [s\src\hotspot\share\interpreter\linkResolver.cpp, line 773]
Event: 2.942 Thread 0x000002676a13e710 Exception <a 'java/lang/NoSuchMethodError'{0x00000000d63c56e8}: 'void java.lang.invoke.DelegatingMethodHandle$Holder.reinvoke_L(java.lang.Object, java.lang.Object, int)'> (0x00000000d63c56e8) 
thrown [s\src\hotspot\share\interpreter\linkResolver.cpp, line 773]
Event: 2.943 Thread 0x000002676a13e710 Exception <a 'java/lang/NoSuchMethodError'{0x00000000d63cc3d0}: 'int java.lang.invoke.Invokers$Holder.invokeExact_MT(java.lang.Object, java.lang.Object, java.lang.Object)'> (0x00000000d63cc3d0) 
thrown [s\src\hotspot\share\interpreter\linkResolver.cpp, line 773]
Event: 2.964 Thread 0x000002676a13e710 Exception <a 'java/lang/NoSuchMethodError'{0x00000000d64d7678}: 'void java.lang.invoke.Invokers$Holder.invokeExact_MT(java.lang.Object, java.lang.Object, int, java.lang.Object)'> (0x00000000d64d7678) 
thrown [s\src\hotspot\share\interpreter\linkResolver.cpp, line 773]
Event: 2.983 Thread 0x000002676a13e710 Exception <a 'java/lang/NoSuchMethodError'{0x00000000d65d03e8}: 'java.lang.Object java.lang.invoke.DirectMethodHandle$Holder.invokeSpecial(java.lang.Object, java.lang.Object, java.lang.Object, long, java.lang.Object)'> (0x00000000d65d03e8) 
thrown [s\src\hotspot\share\interpreter\linkResolver.cpp, line 773]
Event: 2.983 Thread 0x000002676a13e710 Exception <a 'java/lang/NoSuchMethodError'{0x00000000d65d7c30}: 'java.lang.Object java.lang.invoke.DirectMethodHandle$Holder.newInvokeSpecial(java.lang.Object, java.lang.Object, java.lang.Object, long)'> (0x00000000d65d7c30) 
thrown [s\src\hotspot\share\interpreter\linkResolver.cpp, line 773]
Event: 2.983 Thread 0x000002676a13e710 Exception <a 'java/lang/NoSuchMethodError'{0x00000000d65dc020}: 'java.lang.Object java.lang.invoke.DirectMethodHandle$Holder.invokeSpecial(java.lang.Object, java.lang.Object, java.lang.Object, java.lang.Object, long)'> (0x00000000d65dc020) 
thrown [s\src\hotspot\share\interpreter\linkResolver.cpp, line 773]
Event: 2.984 Thread 0x000002676a13e710 Exception <a 'java/lang/NoSuchMethodError'{0x00000000d65dfc40}: 'java.lang.Object java.lang.invoke.Invokers$Holder.linkToTargetMethod(java.lang.Object, java.lang.Object, long, java.lang.Object)'> (0x00000000d65dfc40) 
thrown [s\src\hotspot\share\interpreter\linkResolver.cpp, line 773]
Event: 2.991 Thread 0x000002676a13e710 Exception <a 'java/lang/NoSuchMethodError'{0x00000000d66518b0}: 'int java.lang.invoke.DirectMethodHandle$Holder.invokeStaticInit(java.lang.Object, java.lang.Object, java.lang.Object)'> (0x00000000d66518b0) 
thrown [s\src\hotspot\share\interpreter\linkResolver.cpp, line 773]
Event: 2.999 Thread 0x000002676a13e710 Exception <a 'java/lang/IncompatibleClassChangeError'{0x00000000d66d39b8}: Found class java.lang.Object, but interface was expected> (0x00000000d66d39b8) 
thrown [s\src\hotspot\share\interpreter\linkResolver.cpp, line 840]
Event: 3.006 Thread 0x000002676a13e710 Exception <a 'java/lang/NoSuchMethodError'{0x00000000d66e5ea0}: 'java.lang.Object java.lang.invoke.DirectMethodHandle$Holder.invokeSpecial(java.lang.Object, java.lang.Object, java.lang.Object, int, java.lang.Object, java.lang.Object)'> (0x00000000d66e5ea0) 
thrown [s\src\hotspot\share\interpreter\linkResolver.cpp, line 773]
Event: 3.007 Thread 0x000002676a13e710 Exception <a 'java/lang/NoSuchMethodError'{0x00000000d66ed978}: 'java.lang.Object java.lang.invoke.DirectMethodHandle$Holder.newInvokeSpecial(java.lang.Object, java.lang.Object, java.lang.Object, int, java.lang.Object)'> (0x00000000d66ed978) 
thrown [s\src\hotspot\share\interpreter\linkResolver.cpp, line 773]
Event: 3.007 Thread 0x000002676a13e710 Exception <a 'java/lang/NoSuchMethodError'{0x00000000d66f1b90}: 'java.lang.Object java.lang.invoke.DirectMethodHandle$Holder.invokeSpecial(java.lang.Object, java.lang.Object, java.lang.Object, java.lang.Object, int, java.lang.Object)'> (0x00000000d66f1b90) 
thrown [s\src\hotspot\share\interpreter\linkResolver.cpp, line 773]
Event: 3.007 Thread 0x000002676a13e710 Exception <a 'java/lang/NoSuchMethodError'{0x00000000d66f56d0}: 'java.lang.Object java.lang.invoke.Invokers$Holder.linkToTargetMethod(java.lang.Object, java.lang.Object, int, java.lang.Object, java.lang.Object)'> (0x00000000d66f56d0) 
thrown [s\src\hotspot\share\interpreter\linkResolver.cpp, line 773]
Event: 3.007 Thread 0x000002676a410330 Exception <a 'java/lang/NoSuchMethodError'{0x00000000d6629460}: 'java.lang.Object java.lang.invoke.DirectMethodHandle$Holder.invokeSpecial(java.lang.Object, java.lang.Object, int, java.lang.Object, java.lang.Object)'> (0x00000000d6629460) 
thrown [s\src\hotspot\share\interpreter\linkResolver.cpp, line 773]
Event: 3.008 Thread 0x000002676a410330 Exception <a 'java/lang/NoSuchMethodError'{0x00000000d6630198}: 'java.lang.Object java.lang.invoke.DirectMethodHandle$Holder.newInvokeSpecial(java.lang.Object, java.lang.Object, int, java.lang.Object)'> (0x00000000d6630198) 
thrown [s\src\hotspot\share\interpreter\linkResolver.cpp, line 773]
Event: 3.009 Thread 0x000002676a410330 Exception <a 'java/lang/NoSuchMethodError'{0x00000000d6633ab8}: 'java.lang.Object java.lang.invoke.DirectMethodHandle$Holder.invokeSpecial(java.lang.Object, java.lang.Object, java.lang.Object, int, java.lang.Object)'> (0x00000000d6633ab8) 
thrown [s\src\hotspot\share\interpreter\linkResolver.cpp, line 773]
Event: 3.020 Thread 0x000002676a13e710 Exception <a 'java/lang/NoSuchMethodError'{0x00000000d6812d78}: 'void java.lang.invoke.DirectMethodHandle$Holder.invokeSpecial(java.lang.Object, java.lang.Object, java.lang.Object, java.lang.Object, java.lang.Object)'> (0x00000000d6812d78) 
thrown [s\src\hotspot\share\interpreter\linkResolver.cpp, line 773]
Event: 3.070 Thread 0x000002676a13e710 Exception <a 'java/lang/NoSuchMethodError'{0x00000000d6af2bd8}: 'double java.lang.invoke.DirectMethodHandle$Holder.invokeStatic(java.lang.Object, java.lang.Object)'> (0x00000000d6af2bd8) 
thrown [s\src\hotspot\share\interpreter\linkResolver.cpp, line 773]
Event: 3.070 Thread 0x000002676a13e710 Exception <a 'java/lang/NoSuchMethodError'{0x00000000d6af6298}: 'double java.lang.invoke.DirectMethodHandle$Holder.invokeStaticInit(java.lang.Object, java.lang.Object)'> (0x00000000d6af6298) 
thrown [s\src\hotspot\share\interpreter\linkResolver.cpp, line 773]

ZGC Phase Switch (0 events):
No events

VM Operations (20 events):
Event: 2.085 Executing VM operation: HandshakeAllThreads (Deoptimize)
Event: 2.085 Executing VM operation: HandshakeAllThreads (Deoptimize) done
Event: 2.372 Executing VM operation: HandshakeAllThreads (Deoptimize)
Event: 2.372 Executing VM operation: HandshakeAllThreads (Deoptimize) done
Event: 2.537 Executing VM operation: ParallelGCFailedAllocation (Allocation Failure)
Event: 2.542 Executing VM operation: ParallelGCFailedAllocation (Allocation Failure) done
Event: 2.622 Executing VM operation: HandshakeAllThreads (Deoptimize)
Event: 2.622 Executing VM operation: HandshakeAllThreads (Deoptimize) done
Event: 2.628 Executing VM operation: HandshakeAllThreads (Deoptimize)
Event: 2.628 Executing VM operation: HandshakeAllThreads (Deoptimize) done
Event: 2.645 Executing VM operation: HandshakeAllThreads (Deoptimize)
Event: 2.645 Executing VM operation: HandshakeAllThreads (Deoptimize) done
Event: 2.852 Executing VM operation: HandshakeAllThreads (Deoptimize)
Event: 2.852 Executing VM operation: HandshakeAllThreads (Deoptimize) done
Event: 2.927 Executing VM operation: HandshakeAllThreads (Deoptimize)
Event: 2.927 Executing VM operation: HandshakeAllThreads (Deoptimize) done
Event: 3.129 Executing VM operation: ParallelGCFailedAllocation (Allocation Failure)
Event: 3.134 Executing VM operation: ParallelGCFailedAllocation (Allocation Failure) done
Event: 4.147 Executing VM operation: Cleanup
Event: 4.380 Executing VM operation: Cleanup done

Memory protections (0 events):
No events

Nmethod flushes (0 events):
No events

Events (20 events):
Event: 0.579 Thread 0x000002674cb89210 Thread added: 0x00000267657aaf50
Event: 1.179 Thread 0x00000267657aaf50 Thread exited: 0x00000267657aaf50
Event: 1.361 Thread 0x0000026764838760 Thread added: 0x000002676a120090
Event: 1.645 Thread 0x000002674cad9db0 Thread added: 0x000002676a16f0f0
Event: 1.884 Thread 0x000002674cad9db0 Thread added: 0x000002676a13d350
Event: 1.890 Thread 0x000002674cad9db0 Thread added: 0x000002676a13e710
Event: 1.944 Thread 0x000002676a13e710 Thread added: 0x0000026765f33640
Event: 1.990 Thread 0x000002676a120090 Thread exited: 0x000002676a120090
Event: 2.070 Thread 0x000002676a13e710 Thread added: 0x000002676a062d10
Event: 2.097 Thread 0x000002676498a880 Thread exited: 0x000002676498a880
Event: 2.165 Thread 0x0000026764838760 Thread added: 0x000002676a00a4b0
Event: 2.165 Thread 0x0000026764838760 Thread added: 0x000002676a00ab50
Event: 2.406 Thread 0x000002676a13e710 Thread added: 0x000002676a2f4a90
Event: 2.607 Thread 0x000002676a00ab50 Thread exited: 0x000002676a00ab50
Event: 2.943 Thread 0x000002676a00a4b0 Thread exited: 0x000002676a00a4b0
Event: 2.949 Thread 0x000002676a13e710 Thread added: 0x000002676a446350
Event: 2.987 Thread 0x000002676a13e710 Thread added: 0x000002676a410330
Event: 3.008 Thread 0x000002676a13e710 Thread added: 0x000002676a31fb70
Event: 3.176 Thread 0x0000026764838760 Thread added: 0x000002676a3c45d0
Event: 4.380 Thread 0x000002676a3c45d0 Thread exited: 0x000002676a3c45d0


Dynamic libraries:
0x00007ff7d7c20000 - 0x00007ff7d7c2e000 	c:\Users\Dell\.vscode\extensions\redhat.java-1.45.0-win32-x64\jre\21.0.8-win32-x86_64\bin\java.exe
0x00007ffd9d120000 - 0x00007ffd9d388000 	C:\WINDOWS\SYSTEM32\ntdll.dll
0x00007ffd9c0a0000 - 0x00007ffd9c169000 	C:\WINDOWS\System32\KERNEL32.DLL
0x00007ffd9a330000 - 0x00007ffd9a71d000 	C:\WINDOWS\System32\KERNELBASE.dll
0x00007ffd9a720000 - 0x00007ffd9a86b000 	C:\WINDOWS\System32\ucrtbase.dll
0x00007ffd84c10000 - 0x00007ffd84c2e000 	c:\Users\Dell\.vscode\extensions\redhat.java-1.45.0-win32-x64\jre\21.0.8-win32-x86_64\bin\VCRUNTIME140.dll
0x00007ffd84cc0000 - 0x00007ffd84cd8000 	c:\Users\Dell\.vscode\extensions\redhat.java-1.45.0-win32-x64\jre\21.0.8-win32-x86_64\bin\jli.dll
0x00007ffd9cec0000 - 0x00007ffd9d08c000 	C:\WINDOWS\System32\USER32.dll
0x00007ffd9ad10000 - 0x00007ffd9ad37000 	C:\WINDOWS\System32\win32u.dll
0x00007ffd9d0a0000 - 0x00007ffd9d0cb000 	C:\WINDOWS\System32\GDI32.dll
0x00007ffd9a870000 - 0x00007ffd9a9a7000 	C:\WINDOWS\System32\gdi32full.dll
0x00007ffd81e10000 - 0x00007ffd820aa000 	C:\WINDOWS\WinSxS\amd64_microsoft.windows.common-controls_6595b64144ccf1df_6.0.26100.4484_none_3e0e6d4ce32ef3b3\COMCTL32.dll
0x00007ffd9ce10000 - 0x00007ffd9ceb9000 	C:\WINDOWS\System32\msvcrt.dll
0x00007ffd9aa50000 - 0x00007ffd9aaf3000 	C:\WINDOWS\System32\msvcp_win.dll
0x00007ffd9c500000 - 0x00007ffd9c52f000 	C:\WINDOWS\System32\IMM32.DLL
0x00007ffd90b70000 - 0x00007ffd90b7c000 	c:\Users\Dell\.vscode\extensions\redhat.java-1.45.0-win32-x64\jre\21.0.8-win32-x86_64\bin\vcruntime140_1.dll
0x00007ffd41930000 - 0x00007ffd419bd000 	c:\Users\Dell\.vscode\extensions\redhat.java-1.45.0-win32-x64\jre\21.0.8-win32-x86_64\bin\msvcp140.dll
0x00007ffd27860000 - 0x00007ffd285f7000 	c:\Users\Dell\.vscode\extensions\redhat.java-1.45.0-win32-x64\jre\21.0.8-win32-x86_64\bin\server\jvm.dll
0x00007ffd9cca0000 - 0x00007ffd9cd54000 	C:\WINDOWS\System32\ADVAPI32.dll
0x00007ffd9b0b0000 - 0x00007ffd9b156000 	C:\WINDOWS\System32\sechost.dll
0x00007ffd9c620000 - 0x00007ffd9c738000 	C:\WINDOWS\System32\RPCRT4.dll
0x00007ffd9aec0000 - 0x00007ffd9af34000 	C:\WINDOWS\System32\WS2_32.dll
0x00007ffd96ab0000 - 0x00007ffd96ae5000 	C:\WINDOWS\SYSTEM32\WINMM.dll
0x00007ffd9a0e0000 - 0x00007ffd9a13e000 	C:\WINDOWS\SYSTEM32\POWRPROF.dll
0x00007ffd82370000 - 0x00007ffd8237b000 	C:\WINDOWS\SYSTEM32\VERSION.dll
0x00007ffd9a0c0000 - 0x00007ffd9a0d4000 	C:\WINDOWS\SYSTEM32\UMPDC.dll
0x00007ffd98ff0000 - 0x00007ffd9900b000 	C:\WINDOWS\SYSTEM32\kernel.appcore.dll
0x00007ffd90760000 - 0x00007ffd9076a000 	c:\Users\Dell\.vscode\extensions\redhat.java-1.45.0-win32-x64\jre\21.0.8-win32-x86_64\bin\jimage.dll
0x00007ffd97a60000 - 0x00007ffd97ca1000 	C:\WINDOWS\SYSTEM32\DBGHELP.DLL
0x00007ffd9c170000 - 0x00007ffd9c4f6000 	C:\WINDOWS\System32\combase.dll
0x00007ffd9c740000 - 0x00007ffd9c820000 	C:\WINDOWS\System32\OLEAUT32.dll
0x00007ffd93a60000 - 0x00007ffd93aa3000 	C:\WINDOWS\SYSTEM32\dbgcore.DLL
0x00007ffd9a9b0000 - 0x00007ffd9aa49000 	C:\WINDOWS\System32\bcryptPrimitives.dll
0x00007ffd8a0f0000 - 0x00007ffd8a0ff000 	c:\Users\Dell\.vscode\extensions\redhat.java-1.45.0-win32-x64\jre\21.0.8-win32-x86_64\bin\instrument.dll
0x00007ffd84a20000 - 0x00007ffd84a3f000 	c:\Users\Dell\.vscode\extensions\redhat.java-1.45.0-win32-x64\jre\21.0.8-win32-x86_64\bin\java.dll
0x00007ffd9b8d0000 - 0x00007ffd9c01a000 	C:\WINDOWS\System32\SHELL32.dll
0x00007ffd9ab00000 - 0x00007ffd9ac74000 	C:\WINDOWS\System32\wintypes.dll
0x00007ffd97e70000 - 0x00007ffd986cb000 	C:\WINDOWS\SYSTEM32\windows.storage.dll
0x00007ffd9cb90000 - 0x00007ffd9cc85000 	C:\WINDOWS\System32\SHCORE.dll
0x00007ffd9b1f0000 - 0x00007ffd9b25a000 	C:\WINDOWS\System32\shlwapi.dll
0x00007ffd9a180000 - 0x00007ffd9a1af000 	C:\WINDOWS\SYSTEM32\profapi.dll
0x00007ffd848a0000 - 0x00007ffd848b8000 	c:\Users\Dell\.vscode\extensions\redhat.java-1.45.0-win32-x64\jre\21.0.8-win32-x86_64\bin\zip.dll
0x00007ffd88090000 - 0x00007ffd880a0000 	C:\Users\Dell\.vscode\extensions\redhat.java-1.45.0-win32-x64\jre\21.0.8-win32-x86_64\bin\net.dll
0x00007ffd934a0000 - 0x00007ffd935be000 	C:\WINDOWS\SYSTEM32\WINHTTP.dll
0x00007ffd995a0000 - 0x00007ffd9960a000 	C:\WINDOWS\system32\mswsock.dll
0x00007ffd84770000 - 0x00007ffd84786000 	C:\Users\Dell\.vscode\extensions\redhat.java-1.45.0-win32-x64\jre\21.0.8-win32-x86_64\bin\nio.dll
0x00007ffd86ca0000 - 0x00007ffd86cb0000 	c:\Users\Dell\.vscode\extensions\redhat.java-1.45.0-win32-x64\jre\21.0.8-win32-x86_64\bin\verify.dll
0x00007ffd68830000 - 0x00007ffd68874000 	C:\Users\Dell\AppData\Roaming\Code\User\globalStorage\redhat.java\1.45.0\config_ss_win\org.eclipse.equinox.launcher\org.eclipse.equinox.launcher.win32.win32.x86_64_1.2.1400.v20250801-0854\eclipse_11916.dll
0x00007ffd9c880000 - 0x00007ffd9ca1e000 	C:\WINDOWS\System32\ole32.dll
0x00007ffd99850000 - 0x00007ffd9986b000 	C:\WINDOWS\SYSTEM32\CRYPTSP.dll
0x00007ffd98f50000 - 0x00007ffd98f8b000 	C:\WINDOWS\system32\rsaenh.dll
0x00007ffd99640000 - 0x00007ffd9966b000 	C:\WINDOWS\SYSTEM32\USERENV.dll
0x00007ffd9a150000 - 0x00007ffd9a176000 	C:\WINDOWS\SYSTEM32\bcrypt.dll
0x00007ffd99870000 - 0x00007ffd9987c000 	C:\WINDOWS\SYSTEM32\CRYPTBASE.dll
0x00007ffd989f0000 - 0x00007ffd98a23000 	C:\WINDOWS\SYSTEM32\IPHLPAPI.DLL
0x00007ffd9d0d0000 - 0x00007ffd9d0da000 	C:\WINDOWS\System32\NSI.dll
0x00007ffd76a20000 - 0x00007ffd76a69000 	C:\Users\Dell\AppData\Local\Temp\jna-2126305\jna15636794251558840760.dll
0x00007ffd9cc90000 - 0x00007ffd9cc98000 	C:\WINDOWS\System32\PSAPI.DLL

JVMTI agents:
c:\Users\Dell\.vscode\extensions\redhat.java-1.45.0-win32-x64\lombok\lombok-1.18.39-4050.jar path:c:\Users\Dell\.vscode\extensions\redhat.java-1.45.0-win32-x64\jre\21.0.8-win32-x86_64\bin\instrument.dll, loaded, initialized, instrumentlib options:none

dbghelp: loaded successfully - version: 4.0.5 - missing functions: none
symbol engine: initialized successfully - sym options: 0x614 - pdb path: .;c:\Users\Dell\.vscode\extensions\redhat.java-1.45.0-win32-x64\jre\21.0.8-win32-x86_64\bin;C:\WINDOWS\SYSTEM32;C:\WINDOWS\WinSxS\amd64_microsoft.windows.common-controls_6595b64144ccf1df_6.0.26100.4484_none_3e0e6d4ce32ef3b3;c:\Users\Dell\.vscode\extensions\redhat.java-1.45.0-win32-x64\jre\21.0.8-win32-x86_64\bin\server;C:\Users\Dell\AppData\Roaming\Code\User\globalStorage\redhat.java\1.45.0\config_ss_win\org.eclipse.equinox.launcher\org.eclipse.equinox.launcher.win32.win32.x86_64_1.2.1400.v20250801-0854;C:\Users\Dell\AppData\Local\Temp\jna-2126305

VM Arguments:
jvm_args: --add-modules=ALL-SYSTEM --add-opens=java.base/java.util=ALL-UNNAMED --add-opens=java.base/java.lang=ALL-UNNAMED --add-opens=java.base/sun.nio.fs=ALL-UNNAMED -Declipse.application=org.eclipse.jdt.ls.core.id1 -Dosgi.bundles.defaultStartLevel=4 -Declipse.product=org.eclipse.jdt.ls.core.product -Djava.import.generatesMetadataFilesAtProjectRoot=false -DDetectVMInstallationsJob.disabled=true -Dfile.encoding=utf8 -XX:+UseParallelGC -XX:GCTimeRatio=4 -XX:AdaptiveSizePolicyWeight=90 -Dsun.zip.disableMemoryMapping=true -Xmx2G -Xms100m -Xlog:disable -javaagent:c:\Users\Dell\.vscode\extensions\redhat.java-1.45.0-win32-x64\lombok\lombok-1.18.39-4050.jar 
java_command: c:\Users\Dell\.vscode\extensions\redhat.java-1.45.0-win32-x64\server\plugins\org.eclipse.equinox.launcher_1.7.0.v20250519-0528.jar -configuration c:\Users\Dell\AppData\Roaming\Code\User\globalStorage\redhat.java\1.45.0\config_ss_win -data c:\Users\Dell\AppData\Roaming\Code\User\workspaceStorage\d26f4c9c46fa91ba28536c756c9c2e13\redhat.java\ss_ws --pipe=\\.\pipe\lsp-9a41e9c96f1e920eae05c5f62fa74c30-sock
java_class_path (initial): c:\Users\Dell\.vscode\extensions\redhat.java-1.45.0-win32-x64\server\plugins\org.eclipse.equinox.launcher_1.7.0.v20250519-0528.jar
Launcher Type: SUN_STANDARD

[Global flags]
    uintx AdaptiveSizePolicyWeight                 = 90                                        {product} {command line}
     intx CICompilerCount                          = 4                                         {product} {ergonomic}
    uintx GCTimeRatio                              = 4                                         {product} {command line}
   size_t InitialHeapSize                          = 104857600                                 {product} {command line}
   size_t MaxHeapSize                              = 2147483648                                {product} {command line}
   size_t MaxNewSize                               = 715653120                                 {product} {ergonomic}
   size_t MinHeapDeltaBytes                        = 524288                                    {product} {ergonomic}
   size_t MinHeapSize                              = 104857600                                 {product} {command line}
   size_t NewSize                                  = 34603008                                  {product} {ergonomic}
    uintx NonNMethodCodeHeapSize                   = 5839372                                {pd product} {ergonomic}
    uintx NonProfiledCodeHeapSize                  = 122909434                              {pd product} {ergonomic}
   size_t OldSize                                  = 70254592                                  {product} {ergonomic}
    uintx ProfiledCodeHeapSize                     = 122909434                              {pd product} {ergonomic}
    uintx ReservedCodeCacheSize                    = 251658240                              {pd product} {ergonomic}
     bool SegmentedCodeCache                       = true                                      {product} {ergonomic}
   size_t SoftMaxHeapSize                          = 2147483648                             {manageable} {ergonomic}
     bool UseCompressedOops                        = true                           {product lp64_product} {ergonomic}
     bool UseLargePagesIndividualAllocation        = false                                  {pd product} {ergonomic}
     bool UseParallelGC                            = true                                      {product} {command line}

Logging:
Log output configuration:
 #0: stdout all=off uptime,level,tags foldmultilines=false
 #1: stderr all=off uptime,level,tags foldmultilines=false

Environment Variables:
JAVA_HOME=C:\Program Files\Java\jdk-17
PATH=C:\Program Files\Common Files\Oracle\Java\javapath;C:\WINDOWS\system32;C:\WINDOWS;C:\WINDOWS\System32\Wbem;C:\WINDOWS\System32\WindowsPowerShell\v1.0\;C:\WINDOWS\System32\OpenSSH\;C:\Program Files\dotnet\;C:\Program Files (x86)\HP\Common\HPDestPlgIn\;C:\Program Files\Git\cmd;C:\MinGW\bin;C:\apache-maven-3.9.9-bin\apache-maven-3.9.9\bin;C:\Program Files\nodejs\;C:\Program Files\nodejs\;C:\Program Files\Java\jdk-17\bin;C:\Program Files\MySQL\MySQL Server 8.0\bin;C:\Program Files\MySQL\MySQL Shell 8.0\bin\;C:\Users\Dell\AppData\Local\Programs\Python\Python312\Scripts\;C:\Users\Dell\AppData\Local\Programs\Python\Python312\;C:\Users\Dell\AppData\Local\Programs\Python\Launcher\;C:\Users\Dell\AppData\Local\Microsoft\WindowsApps;C:\Users\Dell\AppData\Local\Programs\Microsoft VS Code\bin;C:\Program Files (x86)\HP\Common\HPDestPlgIn\;C:\Users\Dell\AppData\Roaming\npm;C:\Users\Dell\AppData\Local\Programs\cursor\resources\app\bin;C:\Users\Dell\AppData\Local\Programs\Windsurf\bin
USERNAME=Dell
OS=Windows_NT
PROCESSOR_IDENTIFIER=Intel64 Family 6 Model 186 Stepping 3, GenuineIntel
TMP=C:\Users\Dell\AppData\Local\Temp
TEMP=C:\Users\Dell\AppData\Local\Temp




Periodic native trim disabled

---------------  S Y S T E M  ---------------

OS:
 Windows 11 , 64 bit Build 26100 (10.0.26100.4484)
OS uptime: 58 days 1:12 hours
Hyper-V role detected

CPU: total 12 (initial active 12) (6 cores per cpu, 2 threads per core) family 6 model 186 stepping 3 microcode 0x4123, cx8, cmov, fxsr, ht, mmx, 3dnowpref, sse, sse2, sse3, ssse3, sse4.1, sse4.2, popcnt, lzcnt, tsc, tscinvbit, avx, avx2, aes, erms, clmul, bmi1, bmi2, adx, sha, fma, vzeroupper, clflush, clflushopt, clwb, hv, serialize, rdtscp, rdpid, fsrm, f16c, cet_ibt, cet_ss
Processor Information for the first 12 processors :
  Max Mhz: 1700, Current Mhz: 1700, Mhz Limit: 1700

Memory: 4k page, system-wide physical 16068M (1485M free)
TotalPageFile size 43160M (AvailPageFile size 7M)
current process WorkingSet (physical memory assigned to process): 135M, peak: 135M
current process commit charge ("private bytes"): 281M, peak: 282M

vm_info: OpenJDK 64-Bit Server VM (21.0.8+9-LTS) for windows-amd64 JRE (21.0.8+9-LTS), built on 2025-07-15T00:00:00Z by "admin" with MS VC++ 17.7 (VS2022)

END.
